This is pdfTeX, Version 3.1415926-2.5-1.40.14 (MiKTeX 2.9) (preloaded format=pdflatex 2014.4.24)  9 MAY 2014 08:19
entering extended mode
**C:/Users/user/Documents/GitHub/Real/remote-care-application/report/combined*r
eport*1.tex

("C:/Users/user/Documents/GitHub/Real/remote-care-application/report/combined r
eport 1.tex"
LaTeX2e <2011/06/27>
Babel <v3.8m> and hyphenation patterns for english, afrikaans, ancientgreek, ar
abic, armenian, assamese, basque, bengali, bokmal, bulgarian, catalan, coptic, 
croatian, czech, danish, dutch, esperanto, estonian, farsi, finnish, french, ga
lician, german, german-x-2013-05-26, greek, gujarati, hindi, hungarian, iceland
ic, indonesian, interlingua, irish, italian, kannada, kurmanji, latin, latvian,
 lithuanian, malayalam, marathi, mongolian, mongolianlmc, monogreek, ngerman, n
german-x-2013-05-26, nynorsk, oriya, panjabi, pinyin, polish, portuguese, roman
ian, russian, sanskrit, serbian, slovak, slovenian, spanish, swedish, swissgerm
an, tamil, telugu, turkish, turkmen, ukenglish, ukrainian, uppersorbian, usengl
ishmax, welsh, loaded.
("C:\Program Files (x86)\MiKTeX 2.9\tex\latex\base\article.cls"
Document Class: article 2007/10/19 v1.4h Standard LaTeX document class
("C:\Program Files (x86)\MiKTeX 2.9\tex\latex\base\size11.clo"
File: size11.clo 2007/10/19 v1.4h Standard LaTeX file (size option)
)
\c@part=\count79
\c@section=\count80
\c@subsection=\count81
\c@subsubsection=\count82
\c@paragraph=\count83
\c@subparagraph=\count84
\c@figure=\count85
\c@table=\count86
\abovecaptionskip=\skip41
\belowcaptionskip=\skip42
\bibindent=\dimen102
)
("C:\Program Files (x86)\MiKTeX 2.9\tex\latex\geometry\geometry.sty"
Package: geometry 2010/09/12 v5.6 Page Geometry

("C:\Program Files (x86)\MiKTeX 2.9\tex\latex\graphics\keyval.sty"
Package: keyval 1999/03/16 v1.13 key=value parser (DPC)
\KV@toks@=\toks14
)
("C:\Program Files (x86)\MiKTeX 2.9\tex\generic\oberdiek\ifpdf.sty"
Package: ifpdf 2011/01/30 v2.3 Provides the ifpdf switch (HO)
Package ifpdf Info: pdfTeX in PDF mode is detected.
)
("C:\Program Files (x86)\MiKTeX 2.9\tex\generic\oberdiek\ifvtex.sty"
Package: ifvtex 2010/03/01 v1.5 Detect VTeX and its facilities (HO)
Package ifvtex Info: VTeX not detected.
)
("C:\Program Files (x86)\MiKTeX 2.9\tex\generic\ifxetex\ifxetex.sty"
Package: ifxetex 2010/09/12 v0.6 Provides ifxetex conditional
)
\Gm@cnth=\count87
\Gm@cntv=\count88
\c@Gm@tempcnt=\count89
\Gm@bindingoffset=\dimen103
\Gm@wd@mp=\dimen104
\Gm@odd@mp=\dimen105
\Gm@even@mp=\dimen106
\Gm@layoutwidth=\dimen107
\Gm@layoutheight=\dimen108
\Gm@layouthoffset=\dimen109
\Gm@layoutvoffset=\dimen110
\Gm@dimlist=\toks15

("C:\Program Files (x86)\MiKTeX 2.9\tex\latex\geometry\geometry.cfg"))
("C:\Program Files (x86)\MiKTeX 2.9\tex\latex\amsmath\amsmath.sty"
Package: amsmath 2013/01/14 v2.14 AMS math features
\@mathmargin=\skip43

For additional information on amsmath, use the `?' option.
("C:\Program Files (x86)\MiKTeX 2.9\tex\latex\amsmath\amstext.sty"
Package: amstext 2000/06/29 v2.01

("C:\Program Files (x86)\MiKTeX 2.9\tex\latex\amsmath\amsgen.sty"
File: amsgen.sty 1999/11/30 v2.0
\@emptytoks=\toks16
\ex@=\dimen111
))
("C:\Program Files (x86)\MiKTeX 2.9\tex\latex\amsmath\amsbsy.sty"
Package: amsbsy 1999/11/29 v1.2d
\pmbraise@=\dimen112
)
("C:\Program Files (x86)\MiKTeX 2.9\tex\latex\amsmath\amsopn.sty"
Package: amsopn 1999/12/14 v2.01 operator names
)
\inf@bad=\count90
LaTeX Info: Redefining \frac on input line 210.
\uproot@=\count91
\leftroot@=\count92
LaTeX Info: Redefining \overline on input line 306.
\classnum@=\count93
\DOTSCASE@=\count94
LaTeX Info: Redefining \ldots on input line 378.
LaTeX Info: Redefining \dots on input line 381.
LaTeX Info: Redefining \cdots on input line 466.
\Mathstrutbox@=\box26
\strutbox@=\box27
\big@size=\dimen113
LaTeX Font Info:    Redeclaring font encoding OML on input line 566.
LaTeX Font Info:    Redeclaring font encoding OMS on input line 567.
\macc@depth=\count95
\c@MaxMatrixCols=\count96
\dotsspace@=\muskip10
\c@parentequation=\count97
\dspbrk@lvl=\count98
\tag@help=\toks17
\row@=\count99
\column@=\count100
\maxfields@=\count101
\andhelp@=\toks18
\eqnshift@=\dimen114
\alignsep@=\dimen115
\tagshift@=\dimen116
\tagwidth@=\dimen117
\totwidth@=\dimen118
\lineht@=\dimen119
\@envbody=\toks19
\multlinegap=\skip44
\multlinetaggap=\skip45
\mathdisplay@stack=\toks20
LaTeX Info: Redefining \[ on input line 2665.
LaTeX Info: Redefining \] on input line 2666.
)
("C:\Program Files (x86)\MiKTeX 2.9\tex\latex\graphics\graphicx.sty"
Package: graphicx 1999/02/16 v1.0f Enhanced LaTeX Graphics (DPC,SPQR)

("C:\Program Files (x86)\MiKTeX 2.9\tex\latex\graphics\graphics.sty"
Package: graphics 2009/02/05 v1.0o Standard LaTeX Graphics (DPC,SPQR)

("C:\Program Files (x86)\MiKTeX 2.9\tex\latex\graphics\trig.sty"
Package: trig 1999/03/16 v1.09 sin cos tan (DPC)
)
("C:\Program Files (x86)\MiKTeX 2.9\tex\latex\00miktex\graphics.cfg"
File: graphics.cfg 2007/01/18 v1.5 graphics configuration of teTeX/TeXLive
)
Package graphics Info: Driver file: pdftex.def on input line 91.

("C:\Program Files (x86)\MiKTeX 2.9\tex\latex\pdftex-def\pdftex.def"
File: pdftex.def 2011/05/27 v0.06d Graphics/color for pdfTeX

("C:\Program Files (x86)\MiKTeX 2.9\tex\generic\oberdiek\infwarerr.sty"
Package: infwarerr 2010/04/08 v1.3 Providing info/warning/error messages (HO)
)
("C:\Program Files (x86)\MiKTeX 2.9\tex\generic\oberdiek\ltxcmds.sty"
Package: ltxcmds 2011/11/09 v1.22 LaTeX kernel commands for general use (HO)
)
\Gread@gobject=\count102
))
\Gin@req@height=\dimen120
\Gin@req@width=\dimen121
)
("C:\Program Files (x86)\MiKTeX 2.9\tex\latex\wrapfig\wrapfig.sty"
\wrapoverhang=\dimen122
\WF@size=\dimen123
\c@WF@wrappedlines=\count103
\WF@box=\box28
\WF@everypar=\toks21
Package: wrapfig 2003/01/31  v 3.6
)
("C:\Program Files (x86)\MiKTeX 2.9\tex\latex\caption\subcaption.sty"
Package: subcaption 2013/02/03 v1.1-62 Sub-captions (AR)

("C:\Program Files (x86)\MiKTeX 2.9\tex\latex\caption\caption.sty"
Package: caption 2013/05/02 v3.3-89 Customizing captions (AR)

("C:\Program Files (x86)\MiKTeX 2.9\tex\latex\caption\caption3.sty"
Package: caption3 2013/05/02 v1.6-88 caption3 kernel (AR)
Package caption3 Info: TeX engine: e-TeX on input line 57.
\captionmargin=\dimen124
\captionmargin@=\dimen125
\captionwidth=\dimen126
\caption@tempdima=\dimen127
\caption@indent=\dimen128
\caption@parindent=\dimen129
\caption@hangindent=\dimen130
)
\c@ContinuedFloat=\count104
Package caption Info: wrapfig package is loaded.
)
\c@subfigure=\count105
\c@subtable=\count106
)
("C:\Program Files (x86)\MiKTeX 2.9\tex\latex\setspace\setspace.sty"
Package: setspace 2011/12/19 v6.7a set line spacing
)
("C:\Program Files (x86)\MiKTeX 2.9\tex\latex\todonotes\todonotes.sty"
Package: todonotes 2012/07/25 .dtx Todonotes source and documentation.
Package: todonotes 2012/07/25

("C:\Program Files (x86)\MiKTeX 2.9\tex\latex\base\ifthen.sty"
Package: ifthen 2001/05/26 v1.1c Standard LaTeX ifthen package (DPC)
)
("C:\Program Files (x86)\MiKTeX 2.9\tex\latex\xkeyval\xkeyval.sty"
Package: xkeyval 2012/10/14 v2.6b package option processing (HA)

("C:\Program Files (x86)\MiKTeX 2.9\tex\generic\xkeyval\xkeyval.tex"
\XKV@toks=\toks22
\XKV@tempa@toks=\toks23
\XKV@depth=\count107
File: xkeyval.tex 2012/10/14 v2.6b key=value parser (HA)
))
("C:\Program Files (x86)\MiKTeX 2.9\tex\latex\xcolor\xcolor.sty"
Package: xcolor 2007/01/21 v2.11 LaTeX color extensions (UK)

("C:\Program Files (x86)\MiKTeX 2.9\tex\latex\00miktex\color.cfg"
File: color.cfg 2007/01/18 v1.5 color configuration of teTeX/TeXLive
)
Package xcolor Info: Driver file: pdftex.def on input line 225.
Package xcolor Info: Model `cmy' substituted by `cmy0' on input line 1337.
Package xcolor Info: Model `hsb' substituted by `rgb' on input line 1341.
Package xcolor Info: Model `RGB' extended on input line 1353.
Package xcolor Info: Model `HTML' substituted by `rgb' on input line 1355.
Package xcolor Info: Model `Hsb' substituted by `hsb' on input line 1356.
Package xcolor Info: Model `tHsb' substituted by `hsb' on input line 1357.
Package xcolor Info: Model `HSB' substituted by `hsb' on input line 1358.
Package xcolor Info: Model `Gray' substituted by `gray' on input line 1359.
Package xcolor Info: Model `wave' substituted by `hsb' on input line 1360.
)
("C:\Program Files (x86)\MiKTeX 2.9\tex\latex\pgf\frontendlayer\tikz.sty"
("C:\Program Files (x86)\MiKTeX 2.9\tex\latex\pgf\basiclayer\pgf.sty"
("C:\Program Files (x86)\MiKTeX 2.9\tex\latex\pgf\utilities\pgfrcs.sty"
("C:\Program Files (x86)\MiKTeX 2.9\tex\generic\pgf\utilities\pgfutil-common.te
x"
\pgfutil@everybye=\toks24
\pgfutil@tempdima=\dimen131
\pgfutil@tempdimb=\dimen132

("C:\Program Files (x86)\MiKTeX 2.9\tex\generic\pgf\utilities\pgfutil-common-li
sts.tex"))
("C:\Program Files (x86)\MiKTeX 2.9\tex\generic\pgf\utilities\pgfutil-latex.def
"
\pgfutil@abb=\box29
 ("C:\Program Files (x86)\MiKTeX 2.9\tex\latex\ms\everyshi.sty"
Package: everyshi 2001/05/15 v3.00 EveryShipout Package (MS)
))
("C:\Program Files (x86)\MiKTeX 2.9\tex\generic\pgf\utilities\pgfrcs.code.tex"
Package: pgfrcs 2013/12/20 v3.0.0 (rcs-revision 1.28)
))
Package: pgf 2013/12/18 v3.0.0 (rcs-revision 1.14)
 ("C:\Program Files (x86)\MiKTeX 2.9\tex\latex\pgf\basiclayer\pgfcore.sty"
("C:\Program Files (x86)\MiKTeX 2.9\tex\latex\pgf\systemlayer\pgfsys.sty"
("C:\Program Files (x86)\MiKTeX 2.9\tex\generic\pgf\systemlayer\pgfsys.code.tex
"
Package: pgfsys 2013/11/30 v3.0.0 (rcs-revision 1.47)
 ("C:\Program Files (x86)\MiKTeX 2.9\tex\generic\pgf\utilities\pgfkeys.code.tex
"
\pgfkeys@pathtoks=\toks25
\pgfkeys@temptoks=\toks26

("C:\Program Files (x86)\MiKTeX 2.9\tex\generic\pgf\utilities\pgfkeysfiltered.c
ode.tex"
\pgfkeys@tmptoks=\toks27
))
\pgf@x=\dimen133
\pgf@y=\dimen134
\pgf@xa=\dimen135
\pgf@ya=\dimen136
\pgf@xb=\dimen137
\pgf@yb=\dimen138
\pgf@xc=\dimen139
\pgf@yc=\dimen140
\w@pgf@writea=\write3
\r@pgf@reada=\read1
\c@pgf@counta=\count108
\c@pgf@countb=\count109
\c@pgf@countc=\count110
\c@pgf@countd=\count111
\t@pgf@toka=\toks28
\t@pgf@tokb=\toks29
\t@pgf@tokc=\toks30

("C:\Program Files (x86)\MiKTeX 2.9\tex\generic\pgf\systemlayer\pgf.cfg"
File: pgf.cfg 2008/05/14  (rcs-revision 1.7)
)
Driver file for pgf: pgfsys-pdftex.def

("C:\Program Files (x86)\MiKTeX 2.9\tex\generic\pgf\systemlayer\pgfsys-pdftex.d
ef"
File: pgfsys-pdftex.def 2013/07/18  (rcs-revision 1.33)

("C:\Program Files (x86)\MiKTeX 2.9\tex\generic\pgf\systemlayer\pgfsys-common-p
df.def"
File: pgfsys-common-pdf.def 2013/10/10  (rcs-revision 1.13)
)))
("C:\Program Files (x86)\MiKTeX 2.9\tex\generic\pgf\systemlayer\pgfsyssoftpath.
code.tex"
File: pgfsyssoftpath.code.tex 2013/09/09  (rcs-revision 1.9)
\pgfsyssoftpath@smallbuffer@items=\count112
\pgfsyssoftpath@bigbuffer@items=\count113
)
("C:\Program Files (x86)\MiKTeX 2.9\tex\generic\pgf\systemlayer\pgfsysprotocol.
code.tex"
File: pgfsysprotocol.code.tex 2006/10/16  (rcs-revision 1.4)
))
("C:\Program Files (x86)\MiKTeX 2.9\tex\generic\pgf\basiclayer\pgfcore.code.tex
"
Package: pgfcore 2010/04/11 v3.0.0 (rcs-revision 1.7)
 ("C:\Program Files (x86)\MiKTeX 2.9\tex\generic\pgf\math\pgfmath.code.tex"
("C:\Program Files (x86)\MiKTeX 2.9\tex\generic\pgf\math\pgfmathcalc.code.tex"
("C:\Program Files (x86)\MiKTeX 2.9\tex\generic\pgf\math\pgfmathutil.code.tex")
("C:\Program Files (x86)\MiKTeX 2.9\tex\generic\pgf\math\pgfmathparser.code.tex
"
\pgfmath@dimen=\dimen141
\pgfmath@count=\count114
\pgfmath@box=\box30
\pgfmath@toks=\toks31
\pgfmath@stack@operand=\toks32
\pgfmath@stack@operation=\toks33
)
("C:\Program Files (x86)\MiKTeX 2.9\tex\generic\pgf\math\pgfmathfunctions.code.
tex"
("C:\Program Files (x86)\MiKTeX 2.9\tex\generic\pgf\math\pgfmathfunctions.basic
.code.tex")
("C:\Program Files (x86)\MiKTeX 2.9\tex\generic\pgf\math\pgfmathfunctions.trigo
nometric.code.tex")
("C:\Program Files (x86)\MiKTeX 2.9\tex\generic\pgf\math\pgfmathfunctions.rando
m.code.tex")
("C:\Program Files (x86)\MiKTeX 2.9\tex\generic\pgf\math\pgfmathfunctions.compa
rison.code.tex")
("C:\Program Files (x86)\MiKTeX 2.9\tex\generic\pgf\math\pgfmathfunctions.base.
code.tex")
("C:\Program Files (x86)\MiKTeX 2.9\tex\generic\pgf\math\pgfmathfunctions.round
.code.tex")
("C:\Program Files (x86)\MiKTeX 2.9\tex\generic\pgf\math\pgfmathfunctions.misc.
code.tex")
("C:\Program Files (x86)\MiKTeX 2.9\tex\generic\pgf\math\pgfmathfunctions.integ
erarithmetics.code.tex")))
("C:\Program Files (x86)\MiKTeX 2.9\tex\generic\pgf\math\pgfmathfloat.code.tex"
\c@pgfmathroundto@lastzeros=\count115
))
("C:\Program Files (x86)\MiKTeX 2.9\tex\generic\pgf\basiclayer\pgfcorepoints.co
de.tex"
File: pgfcorepoints.code.tex 2013/10/07  (rcs-revision 1.27)
\pgf@picminx=\dimen142
\pgf@picmaxx=\dimen143
\pgf@picminy=\dimen144
\pgf@picmaxy=\dimen145
\pgf@pathminx=\dimen146
\pgf@pathmaxx=\dimen147
\pgf@pathminy=\dimen148
\pgf@pathmaxy=\dimen149
\pgf@xx=\dimen150
\pgf@xy=\dimen151
\pgf@yx=\dimen152
\pgf@yy=\dimen153
\pgf@zx=\dimen154
\pgf@zy=\dimen155
)
("C:\Program Files (x86)\MiKTeX 2.9\tex\generic\pgf\basiclayer\pgfcorepathconst
ruct.code.tex"
File: pgfcorepathconstruct.code.tex 2013/10/07  (rcs-revision 1.29)
\pgf@path@lastx=\dimen156
\pgf@path@lasty=\dimen157
)
("C:\Program Files (x86)\MiKTeX 2.9\tex\generic\pgf\basiclayer\pgfcorepathusage
.code.tex"
File: pgfcorepathusage.code.tex 2013/12/13  (rcs-revision 1.23)
\pgf@shorten@end@additional=\dimen158
\pgf@shorten@start@additional=\dimen159
)
("C:\Program Files (x86)\MiKTeX 2.9\tex\generic\pgf\basiclayer\pgfcorescopes.co
de.tex"
File: pgfcorescopes.code.tex 2013/10/09  (rcs-revision 1.44)
\pgfpic=\box31
\pgf@hbox=\box32
\pgf@layerbox@main=\box33
\pgf@picture@serial@count=\count116
)
("C:\Program Files (x86)\MiKTeX 2.9\tex\generic\pgf\basiclayer\pgfcoregraphicst
ate.code.tex"
File: pgfcoregraphicstate.code.tex 2013/09/19  (rcs-revision 1.11)
\pgflinewidth=\dimen160
)
("C:\Program Files (x86)\MiKTeX 2.9\tex\generic\pgf\basiclayer\pgfcoretransform
ations.code.tex"
File: pgfcoretransformations.code.tex 2013/10/10  (rcs-revision 1.17)
\pgf@pt@x=\dimen161
\pgf@pt@y=\dimen162
\pgf@pt@temp=\dimen163
)
("C:\Program Files (x86)\MiKTeX 2.9\tex\generic\pgf\basiclayer\pgfcorequick.cod
e.tex"
File: pgfcorequick.code.tex 2008/10/09  (rcs-revision 1.3)
)
("C:\Program Files (x86)\MiKTeX 2.9\tex\generic\pgf\basiclayer\pgfcoreobjects.c
ode.tex"
File: pgfcoreobjects.code.tex 2006/10/11  (rcs-revision 1.2)
)
("C:\Program Files (x86)\MiKTeX 2.9\tex\generic\pgf\basiclayer\pgfcorepathproce
ssing.code.tex"
File: pgfcorepathprocessing.code.tex 2013/09/09  (rcs-revision 1.9)
)
("C:\Program Files (x86)\MiKTeX 2.9\tex\generic\pgf\basiclayer\pgfcorearrows.co
de.tex"
File: pgfcorearrows.code.tex 2013/11/07  (rcs-revision 1.40)
\pgfarrowsep=\dimen164
)
("C:\Program Files (x86)\MiKTeX 2.9\tex\generic\pgf\basiclayer\pgfcoreshade.cod
e.tex"
File: pgfcoreshade.code.tex 2013/07/15  (rcs-revision 1.15)
\pgf@max=\dimen165
\pgf@sys@shading@range@num=\count117
)
("C:\Program Files (x86)\MiKTeX 2.9\tex\generic\pgf\basiclayer\pgfcoreimage.cod
e.tex"
File: pgfcoreimage.code.tex 2013/07/15  (rcs-revision 1.18)

("C:\Program Files (x86)\MiKTeX 2.9\tex\generic\pgf\basiclayer\pgfcoreexternal.
code.tex"
File: pgfcoreexternal.code.tex 2013/07/15  (rcs-revision 1.20)
\pgfexternal@startupbox=\box34
))
("C:\Program Files (x86)\MiKTeX 2.9\tex\generic\pgf\basiclayer\pgfcorelayers.co
de.tex"
File: pgfcorelayers.code.tex 2013/07/18  (rcs-revision 1.7)
)
("C:\Program Files (x86)\MiKTeX 2.9\tex\generic\pgf\basiclayer\pgfcoretranspare
ncy.code.tex"
File: pgfcoretransparency.code.tex 2013/09/30  (rcs-revision 1.5)
)
("C:\Program Files (x86)\MiKTeX 2.9\tex\generic\pgf\basiclayer\pgfcorepatterns.
code.tex"
File: pgfcorepatterns.code.tex 2013/11/07  (rcs-revision 1.5)
)))
("C:\Program Files (x86)\MiKTeX 2.9\tex\generic\pgf\modules\pgfmoduleshapes.cod
e.tex"
File: pgfmoduleshapes.code.tex 2013/10/31  (rcs-revision 1.34)
\pgfnodeparttextbox=\box35
)
("C:\Program Files (x86)\MiKTeX 2.9\tex\generic\pgf\modules\pgfmoduleplot.code.
tex"
File: pgfmoduleplot.code.tex 2013/07/31  (rcs-revision 1.12)
)
("C:\Program Files (x86)\MiKTeX 2.9\tex\latex\pgf\compatibility\pgfcomp-version
-0-65.sty"
Package: pgfcomp-version-0-65 2007/07/03 v3.0.0 (rcs-revision 1.7)
\pgf@nodesepstart=\dimen166
\pgf@nodesepend=\dimen167
)
("C:\Program Files (x86)\MiKTeX 2.9\tex\latex\pgf\compatibility\pgfcomp-version
-1-18.sty"
Package: pgfcomp-version-1-18 2007/07/23 v3.0.0 (rcs-revision 1.1)
))
("C:\Program Files (x86)\MiKTeX 2.9\tex\latex\pgf\utilities\pgffor.sty"
("C:\Program Files (x86)\MiKTeX 2.9\tex\latex\pgf\utilities\pgfkeys.sty"
("C:\Program Files (x86)\MiKTeX 2.9\tex\generic\pgf\utilities\pgfkeys.code.tex"
)) ("C:\Program Files (x86)\MiKTeX 2.9\tex\latex\pgf\math\pgfmath.sty"
("C:\Program Files (x86)\MiKTeX 2.9\tex\generic\pgf\math\pgfmath.code.tex"))
("C:\Program Files (x86)\MiKTeX 2.9\tex\generic\pgf\utilities\pgffor.code.tex"
Package: pgffor 2013/12/13 v3.0.0 (rcs-revision 1.25)

("C:\Program Files (x86)\MiKTeX 2.9\tex\generic\pgf\math\pgfmath.code.tex")
\pgffor@iter=\dimen168
\pgffor@skip=\dimen169
\pgffor@stack=\toks34
\pgffor@toks=\toks35
))
("C:\Program Files (x86)\MiKTeX 2.9\tex\generic\pgf\frontendlayer\tikz\tikz.cod
e.tex"
Package: tikz 2013/12/13 v3.0.0 (rcs-revision 1.142)

("C:\Program Files (x86)\MiKTeX 2.9\tex\generic\pgf\libraries\pgflibraryplothan
dlers.code.tex"
File: pgflibraryplothandlers.code.tex 2013/08/31 v3.0.0 (rcs-revision 1.20)
\pgf@plot@mark@count=\count118
\pgfplotmarksize=\dimen170
)
\tikz@lastx=\dimen171
\tikz@lasty=\dimen172
\tikz@lastxsaved=\dimen173
\tikz@lastysaved=\dimen174
\tikzleveldistance=\dimen175
\tikzsiblingdistance=\dimen176
\tikz@figbox=\box36
\tikz@figbox@bg=\box37
\tikz@tempbox=\box38
\tikz@tempbox@bg=\box39
\tikztreelevel=\count119
\tikznumberofchildren=\count120
\tikznumberofcurrentchild=\count121
\tikz@fig@count=\count122

("C:\Program Files (x86)\MiKTeX 2.9\tex\generic\pgf\modules\pgfmodulematrix.cod
e.tex"
File: pgfmodulematrix.code.tex 2013/09/17  (rcs-revision 1.8)
\pgfmatrixcurrentrow=\count123
\pgfmatrixcurrentcolumn=\count124
\pgf@matrix@numberofcolumns=\count125
)
\tikz@expandcount=\count126

("C:\Program Files (x86)\MiKTeX 2.9\tex\generic\pgf\frontendlayer\tikz\librarie
s\tikzlibrarytopaths.code.tex"
File: tikzlibrarytopaths.code.tex 2008/06/17 v3.0.0 (rcs-revision 1.2)
)))
("C:\Program Files (x86)\MiKTeX 2.9\tex\generic\pgf\frontendlayer\tikz\librarie
s\tikzlibrarypositioning.code.tex"
File: tikzlibrarypositioning.code.tex 2008/10/06 v3.0.0 (rcs-revision 1.7)
)
("C:\Program Files (x86)\MiKTeX 2.9\tex\latex\tools\calc.sty"
Package: calc 2007/08/22 v4.3 Infix arithmetic (KKT,FJ)
\calc@Acount=\count127
\calc@Bcount=\count128
\calc@Adimen=\dimen177
\calc@Bdimen=\dimen178
\calc@Askip=\skip46
\calc@Bskip=\skip47
LaTeX Info: Redefining \setlength on input line 76.
LaTeX Info: Redefining \addtolength on input line 77.
\calc@Ccount=\count129
\calc@Cskip=\skip48
)
\c@@todonotes@numberoftodonotes=\count130
)
("C:\Program Files (x86)\MiKTeX 2.9\tex\latex\framed\framed.sty"
Package: framed 2011/10/22 v 0.96: framed or shaded text with page breaks
\OuterFrameSep=\skip49
\fb@frw=\dimen179
\fb@frh=\dimen180
\FrameRule=\dimen181
\FrameSep=\dimen182
)
("C:\Program Files (x86)\MiKTeX 2.9\tex\latex\comment\comment.sty"
\CommentStream=\write4

Excluding comment 'comment')
("C:\Program Files (x86)\MiKTeX 2.9\tex\latex\pdfpages\pdfpages.sty"
Package: pdfpages 2013/08/25 v0.4v Insert pages of external PDF documents (AM)

("C:\Program Files (x86)\MiKTeX 2.9\tex\latex\eso-pic\eso-pic.sty"
Package: eso-pic 2013/10/06 v2.0d eso-pic (RN)

("C:\Program Files (x86)\MiKTeX 2.9\tex\generic\oberdiek\atbegshi.sty"
Package: atbegshi 2011/10/05 v1.16 At begin shipout hook (HO)
))
("C:\Program Files (x86)\MiKTeX 2.9\tex\latex\pdfpages\pppdftex.def"
File: pppdftex.def 2013/08/25 v0.4v Pdfpages driver for pdfTeX (AM)
)
\AM@pagebox=\box40
\AM@toc@title=\toks36
\c@AM@survey=\count131
\AM@templatesizebox=\box41
)
("C:\Program Files (x86)\MiKTeX 2.9\tex\latex\psnfss\courier.sty"
Package: courier 2005/04/12 PSNFSS-v9.2a (WaS) 
)
("C:\Program Files (x86)\MiKTeX 2.9\tex\latex\float\float.sty"
Package: float 2001/11/08 v1.3d Float enhancements (AL)
\c@float@type=\count132
\float@exts=\toks37
\float@box=\box42
\@float@everytoks=\toks38
\@floatcapt=\box43
)
\@float@every@code=\toks39
\c@code=\count133

("C:\Program Files (x86)\MiKTeX 2.9\tex\latex\base\fontenc.sty"
Package: fontenc 2005/09/27 v1.99g Standard LaTeX package

("C:\Program Files (x86)\MiKTeX 2.9\tex\latex\base\t1enc.def"
File: t1enc.def 2005/09/27 v1.99g Standard LaTeX file
LaTeX Font Info:    Redeclaring font encoding T1 on input line 43.
))
("C:\Program Files (x86)\MiKTeX 2.9\tex\generic\pgf\frontendlayer\tikz\librarie
s\tikzlibraryshapes.code.tex"
File: tikzlibraryshapes.code.tex 2008/01/09 v3.0.0 (rcs-revision 1.1)

("C:\Program Files (x86)\MiKTeX 2.9\tex\generic\pgf\frontendlayer\tikz\librarie
s\tikzlibraryshapes.geometric.code.tex"
File: tikzlibraryshapes.geometric.code.tex 2008/01/09 v3.0.0 (rcs-revision 1.1)


("C:\Program Files (x86)\MiKTeX 2.9\tex\generic\pgf\libraries\shapes\pgflibrary
shapes.geometric.code.tex"
File: pgflibraryshapes.geometric.code.tex 2008/06/26 v3.0.0 (rcs-revision 1.1)
))
("C:\Program Files (x86)\MiKTeX 2.9\tex\generic\pgf\frontendlayer\tikz\librarie
s\tikzlibraryshapes.misc.code.tex"
File: tikzlibraryshapes.misc.code.tex 2008/01/09 v3.0.0 (rcs-revision 1.1)

("C:\Program Files (x86)\MiKTeX 2.9\tex\generic\pgf\libraries\shapes\pgflibrary
shapes.misc.code.tex"
File: pgflibraryshapes.misc.code.tex 2013/07/18 v3.0.0 (rcs-revision 1.5)
))
("C:\Program Files (x86)\MiKTeX 2.9\tex\generic\pgf\frontendlayer\tikz\librarie
s\tikzlibraryshapes.symbols.code.tex"
File: tikzlibraryshapes.symbols.code.tex 2008/01/09 v3.0.0 (rcs-revision 1.1)

("C:\Program Files (x86)\MiKTeX 2.9\tex\generic\pgf\libraries\shapes\pgflibrary
shapes.symbols.code.tex"
File: pgflibraryshapes.symbols.code.tex 2013/09/11 v3.0.0 (rcs-revision 1.6)
))
("C:\Program Files (x86)\MiKTeX 2.9\tex\generic\pgf\frontendlayer\tikz\librarie
s\tikzlibraryshapes.arrows.code.tex"
File: tikzlibraryshapes.arrows.code.tex 2008/01/09 v3.0.0 (rcs-revision 1.1)

("C:\Program Files (x86)\MiKTeX 2.9\tex\generic\pgf\libraries\shapes\pgflibrary
shapes.arrows.code.tex"
File: pgflibraryshapes.arrows.code.tex 2008/06/26 v3.0.0 (rcs-revision 1.1)
))
("C:\Program Files (x86)\MiKTeX 2.9\tex\generic\pgf\frontendlayer\tikz\librarie
s\tikzlibraryshapes.callouts.code.tex"
("C:\Program Files (x86)\MiKTeX 2.9\tex\generic\pgf\libraries\shapes\pgflibrary
shapes.callouts.code.tex"))
("C:\Program Files (x86)\MiKTeX 2.9\tex\generic\pgf\frontendlayer\tikz\librarie
s\tikzlibraryshapes.multipart.code.tex"
File: tikzlibraryshapes.multipart.code.tex 2008/01/09 v3.0.0 (rcs-revision 1.1)


("C:\Program Files (x86)\MiKTeX 2.9\tex\generic\pgf\libraries\shapes\pgflibrary
shapes.multipart.code.tex"
File: pgflibraryshapes.multipart.code.tex 2010/01/07 v3.0.0 (rcs-revision 1.2)
\pgfnodepartlowerbox=\box44
\pgfnodeparttwobox=\box45
\pgfnodepartthreebox=\box46
\pgfnodepartfourbox=\box47
\pgfnodeparttwentybox=\box48
\pgfnodepartnineteenbox=\box49
\pgfnodeparteighteenbox=\box50
\pgfnodepartseventeenbox=\box51
\pgfnodepartsixteenbox=\box52
\pgfnodepartfifteenbox=\box53
\pgfnodepartfourteenbox=\box54
\pgfnodepartthirteenbox=\box55
\pgfnodeparttwelvebox=\box56
\pgfnodepartelevenbox=\box57
\pgfnodeparttenbox=\box58
\pgfnodepartninebox=\box59
\pgfnodeparteightbox=\box60
\pgfnodepartsevenbox=\box61
\pgfnodepartsixbox=\box62
\pgfnodepartfivebox=\box63
)))
("C:\Program Files (x86)\MiKTeX 2.9\tex\generic\pgf\frontendlayer\tikz\librarie
s\tikzlibraryarrows.code.tex"
File: tikzlibraryarrows.code.tex 2008/01/09 v3.0.0 (rcs-revision 1.1)

("C:\Program Files (x86)\MiKTeX 2.9\tex\generic\pgf\libraries\pgflibraryarrows.
code.tex"
File: pgflibraryarrows.code.tex 2013/09/23 v3.0.0 (rcs-revision 1.16)
\arrowsize=\dimen183
)) ("C:\Program Files (x86)\MiKTeX 2.9\tex\latex\psnfss\helvet.sty"
Package: helvet 2005/04/12 PSNFSS-v9.2a (WaS) 
)
("C:\Program Files (x86)\MiKTeX 2.9\tex\latex\url\url.sty"
\Urlmuskip=\muskip11
Package: url 2013/09/16  ver 3.4  Verb mode for urls, etc.
)
("C:\Program Files (x86)\MiKTeX 2.9\tex\latex\listings\listings.sty"
\lst@mode=\count134
\lst@gtempboxa=\box64
\lst@token=\toks40
\lst@length=\count135
\lst@currlwidth=\dimen184
\lst@column=\count136
\lst@pos=\count137
\lst@lostspace=\dimen185
\lst@width=\dimen186
\lst@newlines=\count138
\lst@lineno=\count139
\lst@maxwidth=\dimen187

("C:\Program Files (x86)\MiKTeX 2.9\tex\latex\listings\lstmisc.sty"
File: lstmisc.sty 2014/03/04 1.5c (Carsten Heinz)
\c@lstnumber=\count140
\lst@skipnumbers=\count141
\lst@framebox=\box65
)
("C:\Program Files (x86)\MiKTeX 2.9\tex\latex\listings\listings.cfg"
File: listings.cfg 2014/03/04 1.5c listings configuration
))
Package: listings 2014/03/04 1.5c (Carsten Heinz)

("C:\Program Files (x86)\MiKTeX 2.9\tex\latex\hyperref\hyperref.sty"
Package: hyperref 2012/11/06 v6.83m Hypertext links for LaTeX

("C:\Program Files (x86)\MiKTeX 2.9\tex\generic\oberdiek\hobsub-hyperref.sty"
Package: hobsub-hyperref 2012/04/25 v1.12 Bundle oberdiek, subset hyperref (HO)


("C:\Program Files (x86)\MiKTeX 2.9\tex\generic\oberdiek\hobsub-generic.sty"
Package: hobsub-generic 2012/04/25 v1.12 Bundle oberdiek, subset generic (HO)
Package: hobsub 2012/04/25 v1.12 Construct package bundles (HO)
Package hobsub Info: Skipping package `infwarerr' (already loaded).
Package hobsub Info: Skipping package `ltxcmds' (already loaded).
Package: ifluatex 2010/03/01 v1.3 Provides the ifluatex switch (HO)
Package ifluatex Info: LuaTeX not detected.
Package hobsub Info: Skipping package `ifvtex' (already loaded).
Package: intcalc 2007/09/27 v1.1 Expandable calculations with integers (HO)
Package hobsub Info: Skipping package `ifpdf' (already loaded).
Package: etexcmds 2011/02/16 v1.5 Avoid name clashes with e-TeX commands (HO)
Package etexcmds Info: Could not find \expanded.
(etexcmds)             That can mean that you are not using pdfTeX 1.50 or
(etexcmds)             that some package has redefined \expanded.
(etexcmds)             In the latter case, load this package earlier.
Package: kvsetkeys 2012/04/25 v1.16 Key value parser (HO)
Package: kvdefinekeys 2011/04/07 v1.3 Define keys (HO)
Package: pdftexcmds 2011/11/29 v0.20 Utility functions of pdfTeX for LuaTeX (HO
)
Package pdftexcmds Info: LuaTeX not detected.
Package pdftexcmds Info: \pdf@primitive is available.
Package pdftexcmds Info: \pdf@ifprimitive is available.
Package pdftexcmds Info: \pdfdraftmode found.
Package: pdfescape 2011/11/25 v1.13 Implements pdfTeX's escape features (HO)
Package: bigintcalc 2012/04/08 v1.3 Expandable calculations on big integers (HO
)
Package: bitset 2011/01/30 v1.1 Handle bit-vector datatype (HO)
Package: uniquecounter 2011/01/30 v1.2 Provide unlimited unique counter (HO)
)
Package hobsub Info: Skipping package `hobsub' (already loaded).
Package: letltxmacro 2010/09/02 v1.4 Let assignment for LaTeX macros (HO)
Package: hopatch 2011/06/24 v1.1 Wrapper for package hooks (HO)
Package: xcolor-patch 2011/01/30 xcolor patch
Package: atveryend 2011/06/30 v1.8 Hooks at the very end of document (HO)
Package atveryend Info: \enddocument detected (standard20110627).
Package hobsub Info: Skipping package `atbegshi' (already loaded).
Package: refcount 2011/10/16 v3.4 Data extraction from label references (HO)
Package: hycolor 2011/01/30 v1.7 Color options for hyperref/bookmark (HO)
)
("C:\Program Files (x86)\MiKTeX 2.9\tex\latex\oberdiek\auxhook.sty"
Package: auxhook 2011/03/04 v1.3 Hooks for auxiliary files (HO)
)
("C:\Program Files (x86)\MiKTeX 2.9\tex\latex\oberdiek\kvoptions.sty"
Package: kvoptions 2011/06/30 v3.11 Key value format for package options (HO)
)
\@linkdim=\dimen188
\Hy@linkcounter=\count142
\Hy@pagecounter=\count143

("C:\Program Files (x86)\MiKTeX 2.9\tex\latex\hyperref\pd1enc.def"
File: pd1enc.def 2012/11/06 v6.83m Hyperref: PDFDocEncoding definition (HO)
)
\Hy@SavedSpaceFactor=\count144

("C:\Program Files (x86)\MiKTeX 2.9\tex\latex\00miktex\hyperref.cfg"
File: hyperref.cfg 2002/06/06 v1.2 hyperref configuration of TeXLive
)
Package hyperref Info: Hyper figures OFF on input line 4443.
Package hyperref Info: Link nesting OFF on input line 4448.
Package hyperref Info: Hyper index ON on input line 4451.
Package hyperref Info: Plain pages OFF on input line 4458.
Package hyperref Info: Backreferencing OFF on input line 4463.
Package hyperref Info: Implicit mode ON; LaTeX internals redefined.
Package hyperref Info: Bookmarks ON on input line 4688.
\c@Hy@tempcnt=\count145
LaTeX Info: Redefining \url on input line 5041.
\XeTeXLinkMargin=\dimen189
\Fld@menulength=\count146
\Field@Width=\dimen190
\Fld@charsize=\dimen191
Package hyperref Info: Hyper figures OFF on input line 6295.
Package hyperref Info: Link nesting OFF on input line 6300.
Package hyperref Info: Hyper index ON on input line 6303.
Package hyperref Info: backreferencing OFF on input line 6310.
Package hyperref Info: Link coloring OFF on input line 6315.
Package hyperref Info: Link coloring with OCG OFF on input line 6320.
Package hyperref Info: PDF/A mode OFF on input line 6325.
LaTeX Info: Redefining \ref on input line 6365.
LaTeX Info: Redefining \pageref on input line 6369.
\Hy@abspage=\count147
\c@Item=\count148
\c@Hfootnote=\count149
)

Package hyperref Message: Driver (autodetected): hpdftex.

("C:\Program Files (x86)\MiKTeX 2.9\tex\latex\hyperref\hpdftex.def"
File: hpdftex.def 2012/11/06 v6.83m Hyperref driver for pdfTeX
\Fld@listcount=\count150
\c@bookmark@seq@number=\count151

("C:\Program Files (x86)\MiKTeX 2.9\tex\latex\oberdiek\rerunfilecheck.sty"
Package: rerunfilecheck 2011/04/15 v1.7 Rerun checks for auxiliary files (HO)
Package uniquecounter Info: New unique counter `rerunfilecheck' on input line 2
82.
)
\Hy@SectionHShift=\skip50
)
Package hyperref Info: Option `colorlinks' set `true' on input line 49.

("C:\Users\user\Documents\GitHub\Real\remote-care-application\report\combined r
eport 1.aux")
LaTeX Font Info:    Checking defaults for OML/cmm/m/it on input line 127.
LaTeX Font Info:    ... okay on input line 127.
LaTeX Font Info:    Checking defaults for T1/cmr/m/n on input line 127.
LaTeX Font Info:    ... okay on input line 127.
LaTeX Font Info:    Checking defaults for OT1/cmr/m/n on input line 127.
LaTeX Font Info:    ... okay on input line 127.
LaTeX Font Info:    Checking defaults for OMS/cmsy/m/n on input line 127.
LaTeX Font Info:    ... okay on input line 127.
LaTeX Font Info:    Checking defaults for OMX/cmex/m/n on input line 127.
LaTeX Font Info:    ... okay on input line 127.
LaTeX Font Info:    Checking defaults for U/cmr/m/n on input line 127.
LaTeX Font Info:    ... okay on input line 127.
LaTeX Font Info:    Checking defaults for PD1/pdf/m/n on input line 127.
LaTeX Font Info:    ... okay on input line 127.
LaTeX Font Info:    Try loading font information for T1+phv on input line 127.
 ("C:\Program Files (x86)\MiKTeX 2.9\tex\latex\psnfss\t1phv.fd"
File: t1phv.fd 2001/06/04 scalable font definitions for T1/phv.
)
*geometry* driver: auto-detecting
*geometry* detected driver: pdftex
*geometry* verbose mode - [ preamble ] result:
* driver: pdftex
* paper: <default>
* layout: <same size as paper>
* layoutoffset:(h,v)=(0.0pt,0.0pt)
* modes: 
* h-part:(L,W,R)=(56.9055pt, 500.484pt, 56.9055pt)
* v-part:(T,H,B)=(56.9055pt, 681.15898pt, 56.9055pt)
* \paperwidth=614.295pt
* \paperheight=794.96999pt
* \textwidth=500.484pt
* \textheight=681.15898pt
* \oddsidemargin=-15.36449pt
* \evensidemargin=-15.36449pt
* \topmargin=-52.36449pt
* \headheight=12.0pt
* \headsep=25.0pt
* \topskip=11.0pt
* \footskip=30.0pt
* \marginparwidth=59.0pt
* \marginparsep=10.0pt
* \columnsep=10.0pt
* \skip\footins=10.0pt plus 4.0pt minus 2.0pt
* \hoffset=0.0pt
* \voffset=0.0pt
* \mag=1000
* \@twocolumnfalse
* \@twosidefalse
* \@mparswitchfalse
* \@reversemarginfalse
* (1in=72.27pt=25.4mm, 1cm=28.453pt)

("C:\Program Files (x86)\MiKTeX 2.9\tex\context\base\supp-pdf.mkii"
[Loading MPS to PDF converter (version 2006.09.02).]
\scratchcounter=\count152
\scratchdimen=\dimen192
\scratchbox=\box66
\nofMPsegments=\count153
\nofMParguments=\count154
\everyMPshowfont=\toks41
\MPscratchCnt=\count155
\MPscratchDim=\dimen193
\MPnumerator=\count156
\makeMPintoPDFobject=\count157
\everyMPtoPDFconversion=\toks42
)
Package caption Info: Begin \AtBeginDocument code.
Package caption Info: float package is loaded.
Package caption Info: hyperref package is loaded.
Package caption Info: listings package is loaded.
Package caption Info: End \AtBeginDocument code.
 ABD: EveryShipout initializing macros
\AtBeginShipoutBox=\box67
\c@lstlisting=\count158
Package hyperref Info: Link coloring ON on input line 127.

("C:\Program Files (x86)\MiKTeX 2.9\tex\latex\hyperref\nameref.sty"
Package: nameref 2012/10/27 v2.43 Cross-referencing by name of section

("C:\Program Files (x86)\MiKTeX 2.9\tex\generic\oberdiek\gettitlestring.sty"
Package: gettitlestring 2010/12/03 v1.4 Cleanup title references (HO)
)
\c@section@level=\count159
)
LaTeX Info: Redefining \ref on input line 127.
LaTeX Info: Redefining \pageref on input line 127.
LaTeX Info: Redefining \nameref on input line 127.

("C:\Users\user\Documents\GitHub\Real\remote-care-application\report\combined r
eport 1.out")
("C:\Users\user\Documents\GitHub\Real\remote-care-application\report\combined r
eport 1.out")
\@outlinefile=\write5
 <titleimg.png, id=266, 257.96375pt x 228.855pt>
File: titleimg.png Graphic file (type png)

<use titleimg.png>
Package pdftex.def Info: titleimg.png used on input line 134.
(pdftex.def)             Requested size: 135.13281pt x 119.88876pt.
LaTeX Font Info:    Font shape `T1/phv/bx/n' in size <20.74> not available
(Font)              Font shape `T1/phv/b/n' tried instead on input line 140.
LaTeX Font Info:    Font shape `T1/phv/m/it' in size <12> not available
(Font)              Font shape `T1/phv/m/sl' tried instead on input line 147.
 [1

{C:/ProgramData/MiKTeX/2.9/pdftex/config/pdftex.map} <C:/Users/user/Documents/G
itHub/Real/remote-care-application/report/titleimg.png>]
<declaration.pdf, id=275, 597.55246pt x 845.07718pt>
File: declaration.pdf Graphic file (type pdf)
 <use declaration.pdf>
Package pdftex.def Info: declaration.pdf used on input line 162.
(pdftex.def)             Requested size: 597.551pt x 845.07512pt.
File: declaration.pdf Graphic file (type pdf)

<use declaration.pdf>
Package pdftex.def Info: declaration.pdf used on input line 162.
(pdftex.def)             Requested size: 597.551pt x 845.07512pt.

<declaration.pdf, id=278, page=1, 597.55246pt x 845.07718pt>
File: declaration.pdf Graphic file (type pdf)

<use declaration.pdf, page 1>
Package pdftex.def Info: declaration.pdf, page1 used on input line 162.
(pdftex.def)             Requested size: 597.551pt x 845.07512pt.
File: declaration.pdf Graphic file (type pdf)
 <use declaration.pdf, page 1>
Package pdftex.def Info: declaration.pdf, page1 used on input line 162.
(pdftex.def)             Requested size: 562.1644pt x 795.0303pt.
File: declaration.pdf Graphic file (type pdf)

<use declaration.pdf, page 1>
Package pdftex.def Info: declaration.pdf, page1 used on input line 162.
(pdftex.def)             Requested size: 562.1644pt x 795.0303pt.
File: declaration.pdf Graphic file (type pdf)
 <use declaration.pdf, page 1>
Package pdftex.def Info: declaration.pdf, page1 used on input line 162.
(pdftex.def)             Requested size: 562.1644pt x 795.0303pt.
File: declaration.pdf Graphic file (type pdf)

<use declaration.pdf, page 1>
Package pdftex.def Info: declaration.pdf, page1 used on input line 162.
(pdftex.def)             Requested size: 562.1644pt x 795.0303pt.
pdfTeX warning (ext4): destination with the same identifier (name{page.1}) has 
been already used, duplicate ignored
<to be read again> 
                   \relax 
l.162 \includepdf{declaration}
                               [1 <C:/Users/user/Documents/GitHub/Real/remote-c
are-application/report/declaration.pdf>]
File: declaration.pdf Graphic file (type pdf)
 <use declaration.pdf>
Package pdftex.def Info: declaration.pdf used on input line 163.
(pdftex.def)             Requested size: 597.551pt x 845.07512pt.
File: declaration.pdf Graphic file (type pdf)

<use declaration.pdf>
Package pdftex.def Info: declaration.pdf used on input line 163.
(pdftex.def)             Requested size: 597.551pt x 845.07512pt.
File: declaration.pdf Graphic file (type pdf)
 <use declaration.pdf, page 1>
Package pdftex.def Info: declaration.pdf, page1 used on input line 163.
(pdftex.def)             Requested size: 597.551pt x 845.07512pt.
File: declaration.pdf Graphic file (type pdf)

<use declaration.pdf, page 1>
Package pdftex.def Info: declaration.pdf, page1 used on input line 163.
(pdftex.def)             Requested size: 562.1644pt x 795.0303pt.
File: declaration.pdf Graphic file (type pdf)
 <use declaration.pdf, page 1>
Package pdftex.def Info: declaration.pdf, page1 used on input line 163.
(pdftex.def)             Requested size: 562.1644pt x 795.0303pt.
File: declaration.pdf Graphic file (type pdf)

<use declaration.pdf, page 1>
Package pdftex.def Info: declaration.pdf, page1 used on input line 163.
(pdftex.def)             Requested size: 562.1644pt x 795.0303pt.
File: declaration.pdf Graphic file (type pdf)
 <use declaration.pdf, page 1>
Package pdftex.def Info: declaration.pdf, page1 used on input line 163.
(pdftex.def)             Requested size: 562.1644pt x 795.0303pt.
 [2]
File: declaration.pdf Graphic file (type pdf)

<use declaration.pdf>
Package pdftex.def Info: declaration.pdf used on input line 164.
(pdftex.def)             Requested size: 597.551pt x 845.07512pt.
File: declaration.pdf Graphic file (type pdf)
 <use declaration.pdf>
Package pdftex.def Info: declaration.pdf used on input line 164.
(pdftex.def)             Requested size: 597.551pt x 845.07512pt.
File: declaration.pdf Graphic file (type pdf)
 <use declaration.pdf, page 1>
Package pdftex.def Info: declaration.pdf, page1 used on input line 164.
(pdftex.def)             Requested size: 597.551pt x 845.07512pt.
File: declaration.pdf Graphic file (type pdf)

<use declaration.pdf, page 1>
Package pdftex.def Info: declaration.pdf, page1 used on input line 164.
(pdftex.def)             Requested size: 562.1644pt x 795.0303pt.
File: declaration.pdf Graphic file (type pdf)
 <use declaration.pdf, page 1>
Package pdftex.def Info: declaration.pdf, page1 used on input line 164.
(pdftex.def)             Requested size: 562.1644pt x 795.0303pt.
File: declaration.pdf Graphic file (type pdf)

<use declaration.pdf, page 1>
Package pdftex.def Info: declaration.pdf, page1 used on input line 164.
(pdftex.def)             Requested size: 562.1644pt x 795.0303pt.
File: declaration.pdf Graphic file (type pdf)
 <use declaration.pdf, page 1>
Package pdftex.def Info: declaration.pdf, page1 used on input line 164.
(pdftex.def)             Requested size: 562.1644pt x 795.0303pt.
 [3]
File: declaration.pdf Graphic file (type pdf)

<use declaration.pdf>
Package pdftex.def Info: declaration.pdf used on input line 165.
(pdftex.def)             Requested size: 597.551pt x 845.07512pt.
File: declaration.pdf Graphic file (type pdf)
 <use declaration.pdf>
Package pdftex.def Info: declaration.pdf used on input line 165.
(pdftex.def)             Requested size: 597.551pt x 845.07512pt.
File: declaration.pdf Graphic file (type pdf)
 <use declaration.pdf, page 1>
Package pdftex.def Info: declaration.pdf, page1 used on input line 165.
(pdftex.def)             Requested size: 597.551pt x 845.07512pt.
File: declaration.pdf Graphic file (type pdf)

<use declaration.pdf, page 1>
Package pdftex.def Info: declaration.pdf, page1 used on input line 165.
(pdftex.def)             Requested size: 562.1644pt x 795.0303pt.
File: declaration.pdf Graphic file (type pdf)
 <use declaration.pdf, page 1>
Package pdftex.def Info: declaration.pdf, page1 used on input line 165.
(pdftex.def)             Requested size: 562.1644pt x 795.0303pt.
File: declaration.pdf Graphic file (type pdf)

<use declaration.pdf, page 1>
Package pdftex.def Info: declaration.pdf, page1 used on input line 165.
(pdftex.def)             Requested size: 562.1644pt x 795.0303pt.
File: declaration.pdf Graphic file (type pdf)
 <use declaration.pdf, page 1>
Package pdftex.def Info: declaration.pdf, page1 used on input line 165.
(pdftex.def)             Requested size: 562.1644pt x 795.0303pt.
 [4]
LaTeX Font Info:    Font shape `T1/phv/bx/n' in size <14.4> not available
(Font)              Font shape `T1/phv/b/n' tried instead on input line 168.
LaTeX Font Info:    Font shape `T1/phv/bx/it' in size <14.4> not available
(Font)              Font shape `T1/phv/b/it' tried instead on input line 168.
LaTeX Font Info:    Font shape `T1/phv/b/it' in size <14.4> not available
(Font)              Font shape `T1/phv/b/sl' tried instead on input line 168.

("C:\Users\user\Documents\GitHub\Real\remote-care-application\report\combined r
eport 1.toc"
LaTeX Font Info:    Font shape `T1/phv/bx/n' in size <10.95> not available
(Font)              Font shape `T1/phv/b/n' tried instead on input line 1.
LaTeX Font Info:    Font shape `T1/phv/bx/it' in size <10.95> not available
(Font)              Font shape `T1/phv/b/it' tried instead on input line 1.
LaTeX Font Info:    Font shape `T1/phv/b/it' in size <10.95> not available
(Font)              Font shape `T1/phv/b/sl' tried instead on input line 1.
 [5]
LaTeX Font Info:    Font shape `T1/phv/m/it' in size <10.95> not available
(Font)              Font shape `T1/phv/m/sl' tried instead on input line 32.
 [6] [7]
Overfull \hbox (1.29184pt too wide) detected at line 112
 []\T1/phv/m/n/10.95 102
 []


Overfull \hbox (1.29184pt too wide) detected at line 114
 []\T1/phv/m/n/10.95 104
 []


Overfull \hbox (1.29184pt too wide) detected at line 117
 []\T1/phv/m/n/10.95 107
 []

)
\tf@toc=\write6
 [8]
LaTeX Font Info:    Font shape `T1/phv/bx/n' in size <12> not available
(Font)              Font shape `T1/phv/b/n' tried instead on input line 190.
 <TreatPath.jpeg, id=426, 1731.46875pt x 2157.05875pt>
File: TreatPath.jpeg Graphic file (type jpg)

<use TreatPath.jpeg>
Package pdftex.def Info: TreatPath.jpeg used on input line 196.
(pdftex.def)             Requested size: 519.44464pt x 647.12262pt.

Overfull \hbox (18.96065pt too wide) in paragraph at lines 196--197
 [] 
 []


LaTeX Warning: Float too large for page by 2.56363pt on input line 200.

[9] [10 <C:/Users/user/Documents/GitHub/Real/remote-care-application/report/Tre
atPath.jpeg>] [11] [12] [13] [14] [15]
<BPwatch.jpg, id=511, 1099.10625pt x 635.37375pt>
File: BPwatch.jpg Graphic file (type jpg)
 <use BPwatch.jpg>
Package pdftex.def Info: BPwatch.jpg used on input line 313.
(pdftex.def)             Requested size: 439.6347pt x 254.14499pt.
 [16

 <C:/Users/user/Documents/GitHub/Real/remote-care-application/report/BPwatch.jp
g>]
<AppsUI.jpg, id=529, 1480.02937pt x 618.81187pt>
File: AppsUI.jpg Graphic file (type jpg)
 <use AppsUI.jpg>
Package pdftex.def Info: AppsUI.jpg used on input line 330.
(pdftex.def)             Requested size: 444.01224pt x 185.64499pt.
 [17 <C:/Users/user/Documents/GitHub/Real/remote-care-application/report/AppsUI
.jpg>]
[18]
LaTeX Font Info:    Try loading font information for OMS+phv on input line 362.

 ("C:\Program Files (x86)\MiKTeX 2.9\tex\latex\psnfss\omsphv.fd"
File: omsphv.fd 
)
LaTeX Font Info:    Font shape `OMS/phv/m/n' in size <10.95> not available
(Font)              Font shape `OMS/cmsy/m/n' tried instead on input line 362.
 [19]
[20] [21] <network.png, id=586, 507.8975pt x 356.33125pt>
File: network.png Graphic file (type png)
 <use network.png>
Package pdftex.def Info: network.png used on input line 432.
(pdftex.def)             Requested size: 253.94814pt x 178.16518pt.

[22 <C:/Users/user/Documents/GitHub/Real/remote-care-application/report/network
.png>] [23] <csslink.png, id=602, 527.9725pt x 18.0675pt>
File: csslink.png Graphic file (type png)
 <use csslink.png>
Package pdftex.def Info: csslink.png used on input line 461.
(pdftex.def)             Requested size: 395.37898pt x 13.52989pt.

<exampleclass.png, id=603, 193.72375pt x 60.225pt>
File: exampleclass.png Graphic file (type png)
 <use exampleclass.png>
Package pdftex.def Info: exampleclass.png used on input line 465.
(pdftex.def)             Requested size: 95.09317pt x 29.56288pt.

<patientUI.png, id=606, 560.0925pt x 772.8875pt>
File: patientUI.png Graphic file (type png)
 <use patientUI.png>
Package pdftex.def Info: patientUI.png used on input line 480.
(pdftex.def)             Requested size: 187.68149pt x 258.99261pt.
 [24 <C:/Users/user/Documents/GitHub/Real/remote-care-application/report/csslin
k.png> <C:/Users/user/Documents/GitHub/Real/remote-care-application/report/exam
pleclass.png>] <appstandard.png, id=617, 1153.30875pt x 511.9125pt>
File: appstandard.png Graphic file (type png)
 <use appstandard.png>
Package pdftex.def Info: appstandard.png used on input line 489.
(pdftex.def)             Requested size: 500.484pt x 222.14899pt.
LaTeX Font Info:    Try loading font information for T1+pcr on input line 492.

("C:\Program Files (x86)\MiKTeX 2.9\tex\latex\psnfss\t1pcr.fd"
File: t1pcr.fd 2001/06/04 font definitions for T1/pcr.
)

LaTeX Warning: `!h' float specifier changed to `!ht'.

[25 <C:/Users/user/Documents/GitHub/Real/remote-care-application/report/patient
UI.png>] <logincode.png, id=629, 1464.47125pt x 107.40125pt>
File: logincode.png Graphic file (type png)

<use logincode.png>
Package pdftex.def Info: logincode.png used on input line 502.
(pdftex.def)             Requested size: 500.484pt x 36.70439pt.
 [26 <C:/Users/user/Documents/GitHub/Real/remote-care-application/report/appsta
ndard.png>]
<iphoneicon.png, id=636, 486.81876pt x 616.3025pt>
File: iphoneicon.png Graphic file (type png)
 <use iphoneicon.png>
Package pdftex.def Info: iphoneicon.png used on input line 508.
(pdftex.def)             Requested size: 34.08078pt x 43.14557pt.

<updateform.png, id=640, 370.38374pt x 135.50626pt>
File: updateform.png Graphic file (type png)
 <use updateform.png>
Package pdftex.def Info: updateform.png used on input line 518.
(pdftex.def)             Requested size: 175.17244pt x 64.08699pt.

[27 <C:/Users/user/Documents/GitHub/Real/remote-care-application/report/loginco
de.png> <C:/Users/user/Documents/GitHub/Real/remote-care-application/report/iph
oneicon.png> <C:/Users/user/Documents/GitHub/Real/remote-care-application/repor
t/updateform.png>] <historyJS.png, id=654, 639.38875pt x 211.79124pt>
File: historyJS.png Graphic file (type png)

<use historyJS.png>
Package pdftex.def Info: historyJS.png used on input line 533.
(pdftex.def)             Requested size: 237.72913pt x 78.7461pt.
LaTeX Font Info:    Font shape `T1/phv/bx/it' in size <12> not available
(Font)              Font shape `T1/phv/b/it' tried instead on input line 543.
LaTeX Font Info:    Font shape `T1/phv/b/it' in size <12> not available
(Font)              Font shape `T1/phv/b/sl' tried instead on input line 543.
 [28 <C:/Users/user/Documents/GitHub/Real/remote-care-application/report/histor
yJS.png>]
("C:\Program Files (x86)\MiKTeX 2.9\tex\latex\listings\lstlang1.sty"
File: lstlang1.sty 2014/03/04 1.5c listings language file
)
("C:\Program Files (x86)\MiKTeX 2.9\tex\latex\listings\lstmisc.sty"
File: lstmisc.sty 2014/03/04 1.5c (Carsten Heinz)
)
Package hyperref Info: bookmark level for unknown code defaults to 0 on input l
ine 583.
 [29]
[30] <pageLayout.png, id=707, 548.0475pt x 228.855pt>
File: pageLayout.png Graphic file (type png)
 <use pageLayout.png>
Package pdftex.def Info: pageLayout.png used on input line 656.
(pdftex.def)             Requested size: 274.02307pt x 114.42722pt.

[31] <siteDesignGeneral.jpg, id=760, 894.34125pt x 374.14781pt>
File: siteDesignGeneral.jpg Graphic file (type jpg)

<use siteDesignGeneral.jpg>
Package pdftex.def Info: siteDesignGeneral.jpg used on input line 681.
(pdftex.def)             Requested size: 447.16953pt x 187.07344pt.
 [32 <C:/Users/user/Documents/GitHub/Real/remote-care-application/report/pageLa
yout.png>]
<login_design.png, id=769, 432.11438pt x 318.43968pt>
File: login_design.png Graphic file (type png)
 <use login_design.png>
Package pdftex.def Info: login_design.png used on input line 694.
(pdftex.def)             Requested size: 259.27061pt x 191.06528pt.

[33 <C:/Users/user/Documents/GitHub/Real/remote-care-application/report/siteDes
ignGeneral.jpg> <C:/Users/user/Documents/GitHub/Real/remote-care-application/re
port/login_design.png>]
("C:\Program Files (x86)\MiKTeX 2.9\tex\latex\listings\lstlang1.sty"
File: lstlang1.sty 2014/03/04 1.5c listings language file
)
("C:\Program Files (x86)\MiKTeX 2.9\tex\latex\listings\lstlang2.sty"
File: lstlang2.sty 2014/03/04 1.5c listings language file
) [34]
<tallis_keystone_top.jpg, id=796, 335.75438pt x 43.66313pt>
File: tallis_keystone_top.jpg Graphic file (type jpg)

<use tallis_keystone_top.jpg>
Package pdftex.def Info: tallis_keystone_top.jpg used on input line 763.
(pdftex.def)             Requested size: 268.60387pt x 34.93053pt.
 [35 <C:/Users/user/Documents/GitHub/Real/remote-care-application/report/tallis
_keystone_top.jpg>]
<tallis_plan_patientdata.jpg, id=825, 387.69844pt x 109.91063pt>
File: tallis_plan_patientdata.jpg Graphic file (type jpg)

<use tallis_plan_patientdata.jpg>
Package pdftex.def Info: tallis_plan_patientdata.jpg used on input line 785.
(pdftex.def)             Requested size: 310.15916pt x 87.9286pt.
 [36 <C:/Users/user/Documents/GitHub/Real/remote-care-application/report/tallis
_plan_patientdata.jpg>]
Overfull \hbox (1.71675pt too wide) in paragraph at lines 797--797
[]\T1/phv/b/n/10.95 Candidate
 []


Underfull \hbox (badness 10000) in paragraph at lines 797--797
[]\T1/phv/b/n/10.95 Target
 []


Underfull \hbox (badness 10000) in paragraph at lines 797--797
\T1/phv/b/n/10.95 BP
 []


Overfull \hbox (4.77168pt too wide) in paragraph at lines 799--799
[]\T1/phv/m/n/10.95 Systolic140| 
 []


Underfull \hbox (badness 3291) in paragraph at lines 799--800
[]\T1/phv/m/n/10.95 Patient must not have
 []


Overfull \hbox (4.77168pt too wide) in paragraph at lines 801--801
[]\T1/phv/m/n/10.95 Systolic150| 
 []


Underfull \hbox (badness 3291) in paragraph at lines 801--802
[]\T1/phv/m/n/10.95 Patient must not have
 []


Overfull \hbox (4.77168pt too wide) in paragraph at lines 803--803
[]\T1/phv/m/n/10.95 Systolic135| 
 []


Underfull \hbox (badness 3291) in paragraph at lines 803--804
[]\T1/phv/m/n/10.95 Patient must not have
 []


Overfull \hbox (4.77168pt too wide) in paragraph at lines 805--805
[]\T1/phv/m/n/10.95 Systolic145| 
 []


Underfull \hbox (badness 3291) in paragraph at lines 805--806
[]\T1/phv/m/n/10.95 Patient must not have
 []

<tallis_task_top.jpg, id=840, 429.10312pt x 108.405pt>
File: tallis_task_top.jpg Graphic file (type jpg)

<use tallis_task_top.jpg>
Package pdftex.def Info: tallis_task_top.jpg used on input line 820.
(pdftex.def)             Requested size: 343.28296pt x 86.7241pt.
 Excluding 'comment' comment. [37 <C:/Users/user/Documents/GitHub/Real/remote-c
are-application/report/tallis_task_top.jpg>]
<Tallis_UI_unsuitable.png, id=852, 659.55884pt x 485.3501pt>
File: Tallis_UI_unsuitable.png Graphic file (type png)

<use Tallis_UI_unsuitable.png>
Package pdftex.def Info: Tallis_UI_unsuitable.png used on input line 873.
(pdftex.def)             Requested size: 461.68805pt x 339.74275pt.
 [38 <C:/Users/user/Documents/GitHub/Real/remote-care-application/report/Tallis
_UI_unsuitable.png>]
<formCheckBox.jpg, id=861, 568.37344pt x 258.9675pt>
File: formCheckBox.jpg Graphic file (type jpg)
 <use formCheckBox.jpg>
Package pdftex.def Info: formCheckBox.jpg used on input line 891.
(pdftex.def)             Requested size: 284.18602pt x 129.48341pt.

[39 <C:/Users/user/Documents/GitHub/Real/remote-care-application/report/formChe
ckBox.jpg>] <comorbidity.jpg, id=885, 491.58656pt x 429.10312pt>
File: comorbidity.jpg Graphic file (type jpg)

<use comorbidity.jpg>
Package pdftex.def Info: comorbidity.jpg used on input line 954.
(pdftex.def)             Requested size: 393.26978pt x 343.28296pt.
 [40] [41 <C:/Users/user/Documents/GitHub/Real/remote-care-application/report/c
omorbidity.jpg>] [42] [43] [44

] [45

]
<indexover.png, id=1081, 1378.14874pt x 685.56125pt>
File: indexover.png Graphic file (type png)
 <use indexover.png>
Package pdftex.def Info: indexover.png used on input line 1187.
(pdftex.def)             Requested size: 500.484pt x 248.96724pt.

<CSSscaling.png, id=1082, 306.14375pt x 289.08pt>
File: CSSscaling.png Graphic file (type png)
 <use CSSscaling.png>
Package pdftex.def Info: CSSscaling.png used on input line 1196.
(pdftex.def)             Requested size: 122.45532pt x 115.62994pt.

<ipad.png, id=1083, 3276.24pt x 2457.18pt>
File: ipad.png Graphic file (type png)
 <use ipad.png>
Package pdftex.def Info: ipad.png used on input line 1198.
(pdftex.def)             Requested size: 91.73409pt x 68.80057pt.
 [46 <C:/Users/user/Documents/GitHub/Real/remote-care-application/report/indexo
ver.png>]
<selectorphp.png, id=1096, 521.95pt x 181.67876pt>
File: selectorphp.png Graphic file (type png)
 <use selectorphp.png>
Package pdftex.def Info: selectorphp.png used on input line 1207.
(pdftex.def)             Requested size: 295.28372pt x 102.78174pt.

<selectorCSS.png, id=1097, 499.8675pt x 409.53pt>
File: selectorCSS.png Graphic file (type png)
 <use selectorCSS.png>
Package pdftex.def Info: selectorCSS.png used on input line 1211.
(pdftex.def)             Requested size: 195.18845pt x 159.90976pt.

[47 <C:/Users/user/Documents/GitHub/Real/remote-care-application/report/CSSscal
ing.png> <C:/Users/user/Documents/GitHub/Real/remote-care-application/report/ip
ad.png>] <selectfunc.png, id=1107, 335.2525pt x 121.45375pt>
File: selectfunc.png Graphic file (type png)

<use selectfunc.png>
Package pdftex.def Info: selectfunc.png used on input line 1219.
(pdftex.def)             Requested size: 167.62584pt x 60.72672pt.
 [48 <C:/Users/user/Documents/GitHub/Real/remote-care-application/report/select
orphp.png> <C:/Users/user/Documents/GitHub/Real/remote-care-application/report/
selectorCSS.png> <C:/Users/user/Documents/GitHub/Real/remote-care-application/r
eport/selectfunc.png>]
<searchbarhtml.png, id=1118, 804.00375pt x 90.3375pt>
File: searchbarhtml.png Graphic file (type png)
 <use searchbarhtml.png>
Package pdftex.def Info: searchbarhtml.png used on input line 1228.
(pdftex.def)             Requested size: 321.59581pt x 36.13435pt.

[49 <C:/Users/user/Documents/GitHub/Real/remote-care-application/report/searchb
arhtml.png>] <infoSQL.png, id=1128, 502.87875pt x 91.34125pt>
File: infoSQL.png Graphic file (type png)

<use infoSQL.png>
Package pdftex.def Info: infoSQL.png used on input line 1241.
(pdftex.def)             Requested size: 175.17244pt x 31.81659pt.
 <medtable.png, id=1129, 341.275pt x 273.02pt>
File: medtable.png Graphic file (type png)

<use medtable.png>
Package pdftex.def Info: medtable.png used on input line 1243.
(pdftex.def)             Requested size: 175.17244pt x 140.1382pt.
 <buttonscripts.png, id=1131, 638.385pt x 61.22874pt>
File: buttonscripts.png Graphic file (type png)

<use buttonscripts.png>
Package pdftex.def Info: buttonscripts.png used on input line 1250.
(pdftex.def)             Requested size: 245.2399pt x 23.52127pt.
 <progressbar.png, id=1132, 652.4375pt x 137.51375pt>
File: progressbar.png Graphic file (type png)

<use progressbar.png>
Package pdftex.def Info: progressbar.png used on input line 1254.
(pdftex.def)             Requested size: 245.2399pt x 51.68922pt.
 <tutorial1.png, id=1134, 1200.485pt x 632.3625pt>
File: tutorial1.png Graphic file (type png)

<use tutorial1.png>
Package pdftex.def Info: tutorial1.png used on input line 1265.
(pdftex.def)             Requested size: 196.19266pt x 103.34145pt.
 <tutorial2.png, id=1135, 1199.48125pt x 630.355pt>
File: tutorial2.png Graphic file (type png)

<use tutorial2.png>
Package pdftex.def Info: tutorial2.png used on input line 1266.
(pdftex.def)             Requested size: 196.19266pt x 103.09995pt.
 <tutorial3.png, id=1136, 1202.4925pt x 632.3625pt>
File: tutorial3.png Graphic file (type png)

<use tutorial3.png>
Package pdftex.def Info: tutorial3.png used on input line 1267.
(pdftex.def)             Requested size: 196.19266pt x 103.16777pt.
 <tutorial4.png, id=1137, 1203.49625pt x 632.3625pt>
File: tutorial4.png Graphic file (type png)

<use tutorial4.png>
Package pdftex.def Info: tutorial4.png used on input line 1271.
(pdftex.def)             Requested size: 196.19266pt x 103.08093pt.
 <tutorial5.png, id=1138, 1202.4925pt x 632.3625pt>
File: tutorial5.png Graphic file (type png)

<use tutorial5.png>
Package pdftex.def Info: tutorial5.png used on input line 1272.
(pdftex.def)             Requested size: 196.19266pt x 103.16777pt.
 <tutorial6.png, id=1139, 1202.4925pt x 631.35875pt>
File: tutorial6.png Graphic file (type png)

<use tutorial6.png>
Package pdftex.def Info: tutorial6.png used on input line 1273.
(pdftex.def)             Requested size: 196.19266pt x 103.00401pt.
 <tutorialCSS.png, id=1141, 392.46625pt x 253.94875pt>
File: tutorialCSS.png Graphic file (type png)

<use tutorialCSS.png>
Package pdftex.def Info: tutorialCSS.png used on input line 1280.
(pdftex.def)             Requested size: 156.9837pt x 101.5777pt.
 <tutorial1jQuery.png, id=1142, 441.65pt x 198.7425pt>
File: tutorial1jQuery.png Graphic file (type png)

<use tutorial1jQuery.png>
Package pdftex.def Info: tutorial1jQuery.png used on input line 1282.
(pdftex.def)             Requested size: 176.65686pt x 79.49557pt.

Overfull \hbox (1.48442pt too wide) in paragraph at lines 1282--1283
 [][] 
 []

[50 <C:/Users/user/Documents/GitHub/Real/remote-care-application/report/infoSQL
.png> <C:/Users/user/Documents/GitHub/Real/remote-care-application/report/medta
ble.png> <C:/Users/user/Documents/GitHub/Real/remote-care-application/report/bu
ttonscripts.png> <C:/Users/user/Documents/GitHub/Real/remote-care-application/r
eport/progressbar.png>] [51 <C:/Users/user/Documents/GitHub/Real/remote-care-ap
plication/report/tutorial1.png> <C:/Users/user/Documents/GitHub/Real/remote-car
e-application/report/tutorial2.png> <C:/Users/user/Documents/GitHub/Real/remote
-care-application/report/tutorial3.png> <C:/Users/user/Documents/GitHub/Real/re
mote-care-application/report/tutorial4.png> <C:/Users/user/Documents/GitHub/Rea
l/remote-care-application/report/tutorial5.png> <C:/Users/user/Documents/GitHub
/Real/remote-care-application/report/tutorial6.png>] [52 <C:/Users/user/Documen
ts/GitHub/Real/remote-care-application/report/tutorialCSS.png> <C:/Users/user/D
ocuments/GitHub/Real/remote-care-application/report/tutorial1jQuery.png>]
Overfull \hbox (1.06136pt too wide) in paragraph at lines 1324--1324
 [][][][]\T1/phv/m/n/10.95 Uncertainty 
 []


Overfull \hbox (1.06136pt too wide) in paragraph at lines 1325--1325
 [][][][]\T1/phv/m/n/10.95 Uncertainty 
 []

[53] [54] <linexmp.png, id=1183, 291.0875pt x 184.69pt>
File: linexmp.png Graphic file (type png)
 <use linexmp.png>
Package pdftex.def Info: linexmp.png used on input line 1364.
(pdftex.def)             Requested size: 116.43292pt x 73.87468pt.

[55 <C:/Users/user/Documents/GitHub/Real/remote-care-application/report/linexmp
.png>] [56] <replinreg.png, id=1228, 728.9634pt x 444.2196pt>
File: replinreg.png Graphic file (type png)

<use replinreg.png>
Package pdftex.def Info: replinreg.png used on input line 1467.
(pdftex.def)             Requested size: 291.58018pt x 177.6847pt.
 [57] <linreggood.png, id=1234, 728.9634pt x 444.2196pt>
File: linreggood.png Graphic file (type png)

<use linreggood.png>
Package pdftex.def Info: linreggood.png used on input line 1474.
(pdftex.def)             Requested size: 245.2399pt x 149.44655pt.

Overfull \hbox (6.79999pt too wide) in paragraph at lines 1474--1475
[][] 
 []

<linregbad.png, id=1235, 728.9634pt x 444.2196pt>
File: linregbad.png Graphic file (type png)
 <use linregbad.png>
Package pdftex.def Info: linregbad.png used on input line 1478.
(pdftex.def)             Requested size: 245.2399pt x 149.44655pt.

Overfull \hbox (6.79999pt too wide) in paragraph at lines 1478--1479
[][] 
 []


Underfull \hbox (badness 2221) in paragraph at lines 1471--1482
\T1/phv/m/n/10.95 per-cent-age er-ror to be found. In
 []


Underfull \hbox (badness 2617) in paragraph at lines 1471--1482
\T1/phv/m/n/10.95 ex-cel the func-tion, =ABS(([@Day1]-
 []

[58 <C:/Users/user/Documents/GitHub/Real/remote-care-application/report/replinr
eg.png> <C:/Users/user/Documents/GitHub/Real/remote-care-application/report/lin
reggood.png> <C:/Users/user/Documents/GitHub/Real/remote-care-application/repor
t/linregbad.png>] <correx.png, id=1246, 768.8725pt x 205.76875pt>
File: correx.png Graphic file (type png)

<use correx.png>
Package pdftex.def Info: correx.png used on input line 1490.
(pdftex.def)             Requested size: 350.33727pt x 93.75993pt.
 [59 <C:/Users/user/Documents/GitHub/Real/remote-care-application/report/correx
.png>] <corrgood.png, id=1261, 728.9634pt x 444.2196pt>
File: corrgood.png Graphic file (type png)

<use corrgood.png>
Package pdftex.def Info: corrgood.png used on input line 1517.
(pdftex.def)             Requested size: 245.2399pt x 149.44655pt.

Overfull \hbox (6.79999pt too wide) in paragraph at lines 1517--1518
[][] 
 []

<corrbad.png, id=1262, 728.9634pt x 444.2196pt>
File: corrbad.png Graphic file (type png)
 <use corrbad.png>
Package pdftex.def Info: corrbad.png used on input line 1521.
(pdftex.def)             Requested size: 245.2399pt x 149.44655pt.

Overfull \hbox (6.79999pt too wide) in paragraph at lines 1521--1522
[][] 
 []

[60 <C:/Users/user/Documents/GitHub/Real/remote-care-application/report/corrgoo
d.png> <C:/Users/user/Documents/GitHub/Real/remote-care-application/report/corr
bad.png>] <DB1.png, id=1274, 580.1675pt x 74.2775pt>
File: DB1.png Graphic file (type png)
 <use DB1.png>
Package pdftex.def Info: DB1.png used on input line 1541.
(pdftex.def)             Requested size: 232.06288pt x 29.71046pt.

<SQLBPquery.png, id=1275, 959.585pt x 45.16875pt>
File: SQLBPquery.png Graphic file (type png)
 <use SQLBPquery.png>
Package pdftex.def Info: SQLBPquery.png used on input line 1549.
(pdftex.def)             Requested size: 395.37898pt x 18.61096pt.

<SQLBPprequery.png, id=1276, 209.78375pt x 20.075pt>
File: SQLBPprequery.png Graphic file (type png)
 <use SQLBPprequery.png>
Package pdftex.def Info: SQLBPprequery.png used on input line 1553.
(pdftex.def)             Requested size: 95.09317pt x 9.09982pt.

<DB2.png, id=1277, 83.31125pt x 145.54375pt>
File: DB2.png Graphic file (type png)
 <use DB2.png>
Package pdftex.def Info: DB2.png used on input line 1561.
(pdftex.def)             Requested size: 33.3239pt x 58.21646pt.
 [61 <C:/Users/user/Documents/GitHub/Real/remote-care-application/report/DB1.pn
g> <C:/Users/user/Documents/GitHub/Real/remote-care-application/report/SQLBPque
ry.png> <C:/Users/user/Documents/GitHub/Real/remote-care-application/report/SQL
BPprequery.png>]
<mainSQL.png, id=1288, 582.175pt x 834.11626pt>
File: mainSQL.png Graphic file (type png)
 <use mainSQL.png>
Package pdftex.def Info: mainSQL.png used on input line 1570.
(pdftex.def)             Requested size: 174.65384pt x 250.2368pt.

Underfull \hbox (badness 1509) in paragraph at lines 1573--1578
\T1/phv/m/n/10.95 can all be cal-cu-lated by sum(x*x), sum(y*y),
 []

[62 <C:/Users/user/Documents/GitHub/Real/remote-care-application/report/DB2.png
> <C:/Users/user/Documents/GitHub/Real/remote-care-application/report/mainSQL.p
ng>] <corrcheck.png, id=1300, 195.73125pt x 106.3975pt>
File: corrcheck.png Graphic file (type png)
 <use corrcheck.png>
Package pdftex.def Info: corrcheck.png used on input line 1587.
(pdftex.def)             Requested size: 117.43964pt x 63.83897pt.


Package wrapfig Warning: Collision between wrapping environments on input line 
1593.

<linbound.png, id=1303, 285.065pt x 108.405pt>
File: linbound.png Graphic file (type png)
 <use linbound.png>
Package pdftex.def Info: linbound.png used on input line 1595.
(pdftex.def)             Requested size: 171.04031pt x 65.04349pt.

<boundtest1.png, id=1304, 316.18124pt x 96.36pt>
File: boundtest1.png Graphic file (type png)
 <use boundtest1.png>
Package pdftex.def Info: boundtest1.png used on input line 1597.
(pdftex.def)             Requested size: 189.7102pt x 57.81642pt.

<dowhile.png, id=1305, 377.41pt x 245.91875pt>
File: dowhile.png Graphic file (type png)
 <use dowhile.png>
Package pdftex.def Info: dowhile.png used on input line 1599.
(pdftex.def)             Requested size: 226.44774pt x 147.55237pt.

Overfull \hbox (16.24539pt too wide) in paragraph at lines 1599--1600
 [][] 
 []


Package wrapfig Warning: Stationary wrapfigure forced to float on input line 16
01.

[63 <C:/Users/user/Documents/GitHub/Real/remote-care-application/report/corrche
ck.png> <C:/Users/user/Documents/GitHub/Real/remote-care-application/report/lin
bound.png> <C:/Users/user/Documents/GitHub/Real/remote-care-application/report/
boundtest1.png> <C:/Users/user/Documents/GitHub/Real/remote-care-application/re
port/dowhile.png>] <finalupdate.png, id=1317, 702.625pt x 16.06pt>
File: finalupdate.png Graphic file (type png)

<use finalupdate.png>
Package pdftex.def Info: finalupdate.png used on input line 1609.
(pdftex.def)             Requested size: 500.484pt x 11.43991pt.
 <unbar.png, id=1318, 401.5pt x 71.26625pt>
File: unbar.png Graphic file (type png)

<use unbar.png>
Package pdftex.def Info: unbar.png used on input line 1615.
(pdftex.def)             Requested size: 140.5271pt x 24.94354pt.
 [64 <C:/Users/user/Documents/GitHub/Real/remote-care-application/report/finalu
pdate.png> <C:/Users/user/Documents/GitHub/Real/remote-care-application/report/
unbar.png>] [65]
<tallisEnq.jpg, id=1334, 474.27188pt x 118.94438pt>
File: tallisEnq.jpg Graphic file (type jpg)
 <use tallisEnq.jpg>
Package pdftex.def Info: tallisEnq.jpg used on input line 1644.
(pdftex.def)             Requested size: 237.13536pt x 59.47203pt.

<tallisEnq2.jpg, id=1335, 144.54pt x 230.36063pt>
File: tallisEnq2.jpg Graphic file (type jpg)
 <use tallisEnq2.jpg>
Package pdftex.def Info: tallisEnq2.jpg used on input line 1652.
(pdftex.def)             Requested size: 72.2698pt x 115.18002pt.
 [66 <C:/Users/user/Documents/GitHub/Real/remote-care-application/report/tallis
Enq.jpg>] [67 <C:/Users/user/Documents/GitHub/Real/remote-care-application/repo
rt/tallisEnq2.jpg>] <tallisAll2.jpg, id=1349, 523.20468pt x 295.1025pt>
File: tallisAll2.jpg Graphic file (type jpg)

<use tallisAll2.jpg>
Package pdftex.def Info: tallisAll2.jpg used on input line 1674.
(pdftex.def)             Requested size: 523.2034pt x 295.10176pt.

Overfull \hbox (22.7194pt too wide) in paragraph at lines 1674--1675
 [] 
 []

<tallisRead.jpg, id=1352, 739.26187pt x 289.08pt>
File: tallisRead.jpg Graphic file (type jpg)
 <use tallisRead.jpg>
Package pdftex.def Info: tallisRead.jpg used on input line 1685.
(pdftex.def)             Requested size: 517.47978pt x 202.35461pt.

Overfull \hbox (16.99579pt too wide) in paragraph at lines 1685--1686
 [] 
 []

[68 <C:/Users/user/Documents/GitHub/Real/remote-care-application/report/tallisA
ll2.jpg>] [69 <C:/Users/user/Documents/GitHub/Real/remote-care-application/repo
rt/tallisRead.jpg>]
<tallisTreatmentChange.jpg, id=1366, 575.14874pt x 289.08pt>
File: tallisTreatmentChange.jpg Graphic file (type jpg)

<use tallisTreatmentChange.jpg>
Package pdftex.def Info: tallisTreatmentChange.jpg used on input line 1718.
(pdftex.def)             Requested size: 517.62909pt x 260.16959pt.

Overfull \hbox (17.1451pt too wide) in paragraph at lines 1718--1719
 [] 
 []

[70 <C:/Users/user/Documents/GitHub/Real/remote-care-application/report/tallisT
reatmentChange.jpg>] [71] [72] [73]
<tallisNewDrug.jpg, id=1448, 461.47406pt x 402.00188pt>
File: tallisNewDrug.jpg Graphic file (type jpg)

<use tallisNewDrug.jpg>
Package pdftex.def Info: tallisNewDrug.jpg used on input line 1839.
(pdftex.def)             Requested size: 369.17973pt x 321.60193pt.
 <tallisDrugArg2.jpg, id=1454, 687.31781pt x 83.5622pt>
File: tallisDrugArg2.jpg Graphic file (type jpg)

<use tallisDrugArg2.jpg>
Package pdftex.def Info: tallisDrugArg2.jpg used on input line 1849.
(pdftex.def)             Requested size: 515.48709pt x 62.67148pt.

Overfull \hbox (15.0031pt too wide) in paragraph at lines 1849--1850
 [] 
 []

[74

 <C:/Users/user/Documents/GitHub/Real/remote-care-application/report/tallisNewD
rug.jpg>] <tallisDoseChange.jpg, id=1465, 295.85532pt x 132.495pt>
File: tallisDoseChange.jpg Graphic file (type jpg)

<use tallisDoseChange.jpg>
Package pdftex.def Info: tallisDoseChange.jpg used on input line 1863.
(pdftex.def)             Requested size: 295.85458pt x 132.49466pt.
 [75 <C:/Users/user/Documents/GitHub/Real/remote-care-application/report/tallis
DrugArg2.jpg> <C:/Users/user/Documents/GitHub/Real/remote-care-application/repo
rt/tallisDoseChange.jpg>]
<tallisCheckup.jpg, id=1472, 437.38406pt x 97.86563pt>
File: tallisCheckup.jpg Graphic file (type jpg)
 <use tallisCheckup.jpg>
Package pdftex.def Info: tallisCheckup.jpg used on input line 1887.
(pdftex.def)             Requested size: 437.38298pt x 97.86537pt.

[76 <C:/Users/user/Documents/GitHub/Real/remote-care-application/report/tallisC
heckup.jpg>] <tallisUItable.jpg, id=1483, 239.39438pt x 203.25937pt>
File: tallisUItable.jpg Graphic file (type jpg)

<use tallisUItable.jpg>
Package pdftex.def Info: tallisUItable.jpg used on input line 1900.
(pdftex.def)             Requested size: 191.51575pt x 162.60771pt.

<tallisUIevolve.jpg, id=1486, 499.8675pt x 713.66624pt>
File: tallisUIevolve.jpg Graphic file (type jpg)

<use tallisUIevolve.jpg>
Package pdftex.def Info: tallisUIevolve.jpg used on input line 1909.
(pdftex.def)             Requested size: 399.89453pt x 570.93376pt.
 [77 <C:/Users/user/Documents/GitHub/Real/remote-care-application/report/tallis
UItable.jpg>] [78 <C:/Users/user/Documents/GitHub/Real/remote-care-application/
report/tallisUIevolve.jpg>] [79]
<server-environment-pdf-2.pdf, id=1510, 508.90125pt x 342.27875pt>
File: server-environment-pdf-2.pdf Graphic file (type pdf)

<use server-environment-pdf-2.pdf>
Package pdftex.def Info: server-environment-pdf-2.pdf used on input line 1953.
(pdftex.def)             Requested size: 432.5681pt x 290.9383pt.
 [80] [81 <C:/Users/user/Documents/GitHub/Real/remote-care-application/report/s
erver-environment-pdf-2.pdf>] [82] [83]
[84] [85] [86] [87] [88]
<passwordhashing-loginform.pdf, id=1675, 547.04375pt x 242.9075pt>
File: passwordhashing-loginform.pdf Graphic file (type pdf)

<use passwordhashing-loginform.pdf>
Package pdftex.def Info: passwordhashing-loginform.pdf used on input line 2164.

(pdftex.def)             Requested size: 464.98938pt x 206.47234pt.
 [89 <C:/Users/user/Documents/GitHub/Real/remote-care-application/report/passwo
rdhashing-loginform.pdf>]
<passwordsfreq.png, id=1741, 1168.365pt x 528.97626pt>
File: passwordsfreq.png Graphic file (type png)
 <use passwordsfreq.png>
Package pdftex.def Info: passwordsfreq.png used on input line 2177.
(pdftex.def)             Requested size: 467.33772pt x 211.58675pt.

[90 <C:/Users/user/Documents/GitHub/Real/remote-care-application/report/passwor
dsfreq.png (PNG copy)>] [91] [92] [93] [94] [95] [96] [97] [98] [99] [100]
[101] [102] <strokecost.png, id=2067, 359.3425pt x 259.97125pt>
File: strokecost.png Graphic file (type png)

<use strokecost.png>
Package pdftex.def Info: strokecost.png used on input line 2627.
(pdftex.def)             Requested size: 143.73445pt x 103.98665pt.

Underfull \hbox (badness 3281) in paragraph at lines 2631--2647
\T1/phv/m/n/10.95 a fur-ther 20,000 tran-sient
 []


Underfull \hbox (badness 1226) in paragraph at lines 2631--2647
\T1/phv/m/n/10.95 is-chaemic at-tacks oc-cur in
 []

[103 <C:/Users/user/Documents/GitHub/Real/remote-care-application/report/stroke
cost.png>]
Underfull \hbox (badness 10000) in paragraph at lines 2652--2654

 []

[104] <strides.png, id=2086, 225.84375pt x 222.8325pt>
File: strides.png Graphic file (type png)
 <use strides.png>
Package pdftex.def Info: strides.png used on input line 2673.
(pdftex.def)             Requested size: 22.5857pt x 22.28455pt.

<BPtracker.png, id=2087, 223.83624pt x 221.82875pt>
File: BPtracker.png Graphic file (type png)
 <use BPtracker.png>
Package pdftex.def Info: BPtracker.png used on input line 2674.
(pdftex.def)             Requested size: 22.38493pt x 22.18416pt.

Underfull \hbox (badness 10000) in paragraph at lines 2674--2674
[]\T1/phv/m/n/10.95 Blood Pres-
 []

<healthcloud.png, id=2088, 223.83624pt x 222.8325pt>
File: healthcloud.png Graphic file (type png)
 <use healthcloud.png>
Package pdftex.def Info: healthcloud.png used on input line 2675.
(pdftex.def)             Requested size: 22.38493pt x 22.28455pt.

[105 <C:/Users/user/Documents/GitHub/Real/remote-care-application/report/stride
s.png> <C:/Users/user/Documents/GitHub/Real/remote-care-application/report/BPtr
acker.png> <C:/Users/user/Documents/GitHub/Real/remote-care-application/report/
healthcloud.png>] <costing.png, id=2099, 556.0775pt x 205.76875pt>
File: costing.png Graphic file (type png)

<use costing.png>
Package pdftex.def Info: costing.png used on input line 2685.
(pdftex.def)             Requested size: 222.42705pt x 82.30603pt.

Overfull \hbox (22.23651pt too wide) in paragraph at lines 2685--2686
 [][] 
 []

[106 <C:/Users/user/Documents/GitHub/Real/remote-care-application/report/costin
g.png>] [107]
Underfull \hbox (badness 10000) in paragraph at lines 2743--2744
[]\T1/phv/m/n/9 Krzysztof Za-ucha, W. L. 2014. Web De-vel-oper Salaries. [on-li
ne] Avail-able at: urlhttp://salary-
 []

[108]
LaTeX Font Info:    Font shape `T1/phv/m/it' in size <9> not available
(Font)              Font shape `T1/phv/m/sl' tried instead on input line 2780.

Underfull \hbox (badness 10000) in paragraph at lines 2780--2781
[]\T1/phv/m/n/9 COSSAC. 2014. Knowl-edge Mod-elling - PRO\T1/phv/m/sl/9 forma \
T1/phv/m/n/9 tasks. [on-line] Avail-able at:
 []

[109]
Underfull \hbox (badness 5175) in paragraph at lines 2807--2808
[]\T1/phv/m/n/9 Media.ofcom.org.uk, (2014). Of-com | UK adults tak-ing on-line 
pass-word se-cu-rity risks. [on-line] Avail-able
 []

[110]
Underfull \hbox (badness 10000) in paragraph at lines 2882--2883
[]\T1/phv/m/n/9 Play.google.com. Blood Pres-sure++ [In-ter-net]. 2014 [23 April
 2014]. Avail-able from:
 []


Underfull \hbox (badness 10000) in paragraph at lines 2884--2885
[]\T1/phv/m/n/9 Klimaszewski.mobi. My Heart - Szy-mon Kli-maszewski [In-ter-net
]. [23 April 2014]. Avail-able from:
 []


Underfull \hbox (badness 10000) in paragraph at lines 2886--2887
[]\T1/phv/m/n/9 Play.google.com. blood pres-sure di-ary [In-ter-net]. [17 April
 2014]. Avail-able from:
 []


Underfull \hbox (badness 3557) in paragraph at lines 2888--2889
[]\T1/phv/m/n/9 Ihealthlabs.com. iHealth Wire-less Blood Pres-sure Wrist Mon-i-
tor [In-ter-net]. [17 April 2014]. Avail-able from:
 []

[111] [112]
Package atveryend Info: Empty hook `BeforeClearDocument' on input line 2900.
Package atveryend Info: Empty hook `AfterLastShipout' on input line 2900.

("C:\Users\user\Documents\GitHub\Real\remote-care-application\report\combined r
eport 1.aux")
Package atveryend Info: Executing hook `AtVeryEndDocument' on input line 2900.
Package atveryend Info: Executing hook `AtEndAfterFileList' on input line 2900.

Package rerunfilecheck Info: File `combined*report*1.out' has not changed.
(rerunfilecheck)             Checksum: <no file>.
Package atveryend Info: Empty hook `AtVeryVeryEnd' on input line 2900.
 ) 
Here is how much of TeX's memory you used:
 26204 strings out of 493921
 495919 string characters out of 3144879
 943503 words of memory out of 3000000
 27956 multiletter control sequences out of 15000+200000
 75901 words of font info for 78 fonts, out of 3000000 for 9000
 841 hyphenation exceptions out of 8191
 62i,18n,78p,2068b,3094s stack positions out of 5000i,500n,10000p,200000b,50000s
{C:/Program Files (x86)/MiKTeX 2.9/fonts/enc/dvips/fontname/8r.enc}<C:/Progra
m Files (x86)/MiKTeX 2.9/fonts/type1/public/amsfonts/cm/cmex10.pfb><C:/Program 
Files (x86)/MiKTeX 2.9/fonts/type1/public/amsfonts/cmextra/cmex8.pfb><C:/Progra
m Files (x86)/MiKTeX 2.9/fonts/type1/public/amsfonts/cm/cmmi10.pfb><C:/Program 
Files (x86)/MiKTeX 2.9/fonts/type1/public/amsfonts/cm/cmmi6.pfb><C:/Program Fil
es (x86)/MiKTeX 2.9/fonts/type1/public/amsfonts/cm/cmmi8.pfb><C:/Program Files 
(x86)/MiKTeX 2.9/fonts/type1/public/amsfonts/cm/cmr10.pfb><C:/Program Files (x8
6)/MiKTeX 2.9/fonts/type1/public/amsfonts/cm/cmr6.pfb><C:/Program Files (x86)/M
iKTeX 2.9/fonts/type1/public/amsfonts/cm/cmr8.pfb><C:/Program Files (x86)/MiKTe
X 2.9/fonts/type1/public/amsfonts/cm/cmsy10.pfb><C:/Program Files (x86)/MiKTeX 
2.9/fonts/type1/urw/courier/ucrr8a.pfb><C:/Program Files (x86)/MiKTeX 2.9/fonts
/type1/urw/helvetic/uhvb8a.pfb><C:/Program Files (x86)/MiKTeX 2.9/fonts/type1/u
rw/helvetic/uhvbo8a.pfb><C:/Program Files (x86)/MiKTeX 2.9/fonts/type1/urw/helv
etic/uhvr8a.pfb><C:/Program Files (x86)/MiKTeX 2.9/fonts/type1/urw/helvetic/uhv
ro8a.pfb>
Output written on "combined report 1.pdf" (113 pages, 9149974 bytes).
PDF statistics:
 2461 PDF objects out of 2487 (max. 8388607)
 1032 named destinations out of 1200 (max. 500000)
 973 words of extra memory for PDF output out of 10000 (max. 10000000)

