\BOOKMARK [1][-]{section.1}{Executive Summary - Michael Fedosiuk}{}% 1
\BOOKMARK [1][-]{section.2}{Clinical need - Emma Saragossi}{}% 2
\BOOKMARK [2][-]{subsection.2.1}{Patient Application}{section.2}% 3
\BOOKMARK [2][-]{subsection.2.2}{Doctor Application}{section.2}% 4
\BOOKMARK [2][-]{subsection.2.3}{Tallis Application}{section.2}% 5
\BOOKMARK [1][-]{section.3}{Hypertension Care Pathway - Jeffrey Yu}{}% 6
\BOOKMARK [2][-]{subsection.3.1}{What is Hypertension}{section.3}% 7
\BOOKMARK [2][-]{subsection.3.2}{Diagnosis}{section.3}% 8
\BOOKMARK [2][-]{subsection.3.3}{Treatment}{section.3}% 9
\BOOKMARK [2][-]{subsection.3.4}{Monitor}{section.3}% 10
\BOOKMARK [1][-]{section.4}{Analysis of Existing Technology - Jeffrey Yu}{}% 11
\BOOKMARK [2][-]{subsection.4.1}{Overview}{section.4}% 12
\BOOKMARK [2][-]{subsection.4.2}{General telemedicine}{section.4}% 13
\BOOKMARK [2][-]{subsection.4.3}{Hypertension Telemonitoring studies}{section.4}% 14
\BOOKMARK [2][-]{subsection.4.4}{Mobile applications}{section.4}% 15
\BOOKMARK [1][-]{section.5}{Clinical need - Emma Saragossi}{}% 16
\BOOKMARK [1][-]{section.6}{Design brief and specification - Emma Saragossi}{}% 17
\BOOKMARK [2][-]{subsection.6.1}{Overview}{section.6}% 18
\BOOKMARK [2][-]{subsection.6.2}{Patient Application}{section.6}% 19
\BOOKMARK [2][-]{subsection.6.3}{Doctor Application}{section.6}% 20
\BOOKMARK [2][-]{subsection.6.4}{Tallis Application}{section.6}% 21
\BOOKMARK [2][-]{subsection.6.5}{Database}{section.6}% 22
\BOOKMARK [1][-]{section.7}{Application User Interface - Michael Fedosiuk}{}% 23
\BOOKMARK [2][-]{subsection.7.1}{Why a Web based application was chosen and what languages were used}{section.7}% 24
\BOOKMARK [1][-]{section.8}{Patient Application - Michael Fedosiuk}{}% 25
\BOOKMARK [2][-]{subsection.8.1}{General format}{section.8}% 26
\BOOKMARK [2][-]{subsection.8.2}{patient/index.php}{section.8}% 27
\BOOKMARK [1][-]{section.9}{Doctor's Application}{}% 28
\BOOKMARK [2][-]{subsection.9.1}{Function - Emma Saragossi}{section.9}% 29
\BOOKMARK [2][-]{subsection.9.2}{User interface - Emma Saragossi}{section.9}% 30
\BOOKMARK [2][-]{subsection.9.3}{Login page - Emma Saragossi}{section.9}% 31
\BOOKMARK [2][-]{subsection.9.4}{Creating a patient profile - Emma Saragossi}{section.9}% 32
\BOOKMARK [2][-]{subsection.9.5}{News feed - Emma Saragossi}{section.9}% 33
\BOOKMARK [2][-]{subsection.9.6}{Patient search bar - Emma Saragossi}{section.9}% 34
\BOOKMARK [2][-]{subsection.9.7}{Extension ideas for the Doctor Application - Emma Saragossi}{section.9}% 35
\BOOKMARK [2][-]{subsection.9.8}{Patient checking and review - Michael Fedosiuk}{section.9}% 36
\BOOKMARK [1][-]{section.10}{Uncertainty Metric - Michael Fedosiuk}{}% 37
\BOOKMARK [2][-]{subsection.10.1}{Data Sourcing}{section.10}% 38
\BOOKMARK [2][-]{subsection.10.2}{Metric Overview}{section.10}% 39
\BOOKMARK [2][-]{subsection.10.3}{Metric make up}{section.10}% 40
\BOOKMARK [2][-]{subsection.10.4}{Metric Implementation}{section.10}% 41
\BOOKMARK [2][-]{subsection.10.5}{Extensions}{section.10}% 42
\BOOKMARK [1][-]{section.11}{Tallis application - Jeffrey Yu}{}% 43
\BOOKMARK [2][-]{subsection.11.1}{Scope of Tallis}{section.11}% 44
\BOOKMARK [2][-]{subsection.11.2}{Use Cases}{section.11}% 45
\BOOKMARK [2][-]{subsection.11.3}{Reading from database}{section.11}% 46
\BOOKMARK [2][-]{subsection.11.4}{Treatment Change}{section.11}% 47
\BOOKMARK [2][-]{subsection.11.5}{Checkup}{section.11}% 48
\BOOKMARK [2][-]{subsection.11.6}{User Interface}{section.11}% 49
\BOOKMARK [1][-]{section.12}{Server Environment - Henry Fletcher}{}% 50
\BOOKMARK [2][-]{subsection.12.1}{Key Project Software}{section.12}% 51
\BOOKMARK [2][-]{subsection.12.2}{Server Environment Overview}{section.12}% 52
\BOOKMARK [2][-]{subsection.12.3}{Integrating Tallis \046 the MySQL database}{section.12}% 53
\BOOKMARK [2][-]{subsection.12.4}{Data storage \046 redundancy}{section.12}% 54
\BOOKMARK [1][-]{section.13}{Security - Henry Fletcher}{}% 55
\BOOKMARK [2][-]{subsection.13.1}{NHS Guidelines for data transmission and storage}{section.13}% 56
\BOOKMARK [2][-]{subsection.13.2}{SSL Encryption}{section.13}% 57
\BOOKMARK [2][-]{subsection.13.3}{AES encryption}{section.13}% 58
\BOOKMARK [2][-]{subsection.13.4}{Password Hashing}{section.13}% 59
\BOOKMARK [2][-]{subsection.13.5}{MySQLi Connector}{section.13}% 60
\BOOKMARK [2][-]{subsection.13.6}{Other security considerations}{section.13}% 61
\BOOKMARK [1][-]{section.14}{Application PHP examples - Henry Fletcher}{}% 62
\BOOKMARK [2][-]{subsection.14.1}{Doctor's Login Form}{section.14}% 63
\BOOKMARK [2][-]{subsection.14.2}{Patient's Submission Form}{section.14}% 64
\BOOKMARK [1][-]{section.15}{Economic Viability - Michael Fedosiuk}{}% 65
\BOOKMARK [2][-]{subsection.15.1}{Cost benefits to the customer: Focused on NHS}{section.15}% 66
\BOOKMARK [2][-]{subsection.15.2}{Implementation Costs}{section.15}% 67
\BOOKMARK [1][-]{section.16}{Conclusion - Emma Saragossi}{}% 68
\BOOKMARK [2][-]{subsection.16.1}{Project Limitations - Henry Fletcher}{section.16}% 69
